<?xml version="1.0" encoding="UTF-8"?>
<robot generator="Rebot 7.3.2 (Python 3.13.5 on win32)" generated="2025-11-24T01:13:00.078124" rpa="false" schemaversion="5">
<suite id="s1" name="Suites">
<suite id="s1-s1" name="AddProducts Windows, 11, Chrome, latest" source="C:\Users\Acer\PycharmProjects\Testing\Assignment_2\testCases\AddProducts.robot">
<test id="s1-s1-t1" name="Add Selected Products To Cart" line="6">
<kw name="Open Browser To SauceDemo" owner="keywords">
<kw name="Open Browser" owner="SeleniumLibrary">
<msg time="2025-11-24T01:10:41.365416" level="INFO">Opening browser 'Chrome' to base url 'https://www.saucedemo.com/'.</msg>
<msg time="2025-11-24T01:10:43.773154" level="WARN">The chromedriver version (141.0.7390.78) detected in PATH at C:\Users\Acer\PycharmProjects\Testing\chromedriver-win64\chromedriver.exe might not be compatible with the detected chrome version (142.0.7444.176); currently, chromedriver 142.0.7444.175 is recommended for chrome 142.*, so it is advised to delete the driver in PATH and retry</msg>
<msg time="2025-11-24T01:10:43.776520" level="INFO">Completed setup!</msg>
<arg>${BASE_URL}</arg>
<arg>${BROWSER}</arg>
<doc>Opens a new browser instance to the optional ``url``.</doc>
<status status="PASS" start="2025-11-24T01:10:41.364710" elapsed="9.374338"/>
</kw>
<kw name="Maximize Browser Window" owner="SeleniumLibrary">
<doc>Maximizes current browser window.</doc>
<status status="PASS" start="2025-11-24T01:10:50.740467" elapsed="0.397468"/>
</kw>
<status status="PASS" start="2025-11-24T01:10:41.363464" elapsed="9.775534"/>
</kw>
<kw name="Login" owner="keywords">
<kw name="Input Text" owner="SeleniumLibrary">
<msg time="2025-11-24T01:10:51.140737" level="INFO">Typing text 'standard_user' into text field 'xpath=//input[@id="user-name"]'.</msg>
<arg>xpath=//input[@id="user-name"]</arg>
<arg>${USERNAME}</arg>
<doc>Types the given ``text`` into the text field identified by ``locator``.</doc>
<status status="PASS" start="2025-11-24T01:10:51.140101" elapsed="0.834045"/>
</kw>
<kw name="Input Text" owner="SeleniumLibrary">
<msg time="2025-11-24T01:10:51.975843" level="INFO">Typing text 'secret_sauce' into text field 'xpath=//input[@id="password"]'.</msg>
<arg>xpath=//input[@id="password"]</arg>
<arg>${PASSWORD}</arg>
<doc>Types the given ``text`` into the text field identified by ``locator``.</doc>
<status status="PASS" start="2025-11-24T01:10:51.975312" elapsed="0.593243"/>
</kw>
<kw name="Click Element" owner="SeleniumLibrary">
<msg time="2025-11-24T01:10:52.570382" level="INFO">Clicking element 'xpath=//input[@id="login-button"]'.</msg>
<arg>xpath=//input[@id="login-button"]</arg>
<doc>Click the element identified by ``locator``.</doc>
<status status="PASS" start="2025-11-24T01:10:52.569694" elapsed="0.681595"/>
</kw>
<status status="PASS" start="2025-11-24T01:10:51.139533" elapsed="2.112898"/>
</kw>
<kw name="Add Products To Cart" owner="keywords">
<for flavor="IN">
<iter>
<kw name="Run Keyword And Return Status" owner="BuiltIn">
<kw name="Element Should Be Visible" owner="SeleniumLibrary">
<msg time="2025-11-24T01:10:53.580135" level="INFO">Element 'xpath=//div[text()="Sauce Labs Backpack"]' is displayed.</msg>
<arg>xpath=//div[text()="${product}"]</arg>
<doc>Verifies that the element identified by ``locator`` is visible.</doc>
<status status="PASS" start="2025-11-24T01:10:53.254897" elapsed="0.325985"/>
</kw>
<msg time="2025-11-24T01:10:53.581972" level="INFO">${product_present} = True</msg>
<var>${product_present}</var>
<arg>Element Should Be Visible</arg>
<arg>xpath=//div[text()="${product}"]</arg>
<doc>Runs the given keyword with given arguments and returns the status as a Boolean value.</doc>
<status status="PASS" start="2025-11-24T01:10:53.254455" elapsed="0.328216"/>
</kw>
<if>
<branch type="IF" condition="${product_present}">
<kw name="Click Element" owner="SeleniumLibrary">
<msg time="2025-11-24T01:10:53.585089" level="INFO">Clicking element 'xpath=//div[text()="Sauce Labs Backpack"]'.</msg>
<arg>xpath=//div[text()="${product}"]</arg>
<doc>Click the element identified by ``locator``.</doc>
<status status="PASS" start="2025-11-24T01:10:53.584406" elapsed="0.443068"/>
</kw>
<kw name="Click Element" owner="SeleniumLibrary">
<msg time="2025-11-24T01:10:54.029114" level="INFO">Clicking element 'id=add-to-cart'.</msg>
<msg time="2025-11-24T01:10:57.251063" level="INFO" html="true">&lt;/td&gt;&lt;/tr&gt;&lt;tr&gt;&lt;td colspan="3"&gt;&lt;a href="20251124_011037-0-selenium-screenshot-1.png"&gt;&lt;img src="20251124_011037-0-selenium-screenshot-1.png" width="800px"&gt;&lt;/a&gt;</msg>
<msg time="2025-11-24T01:10:57.251271" level="FAIL">Element with locator 'id=add-to-cart' not found.</msg>
<arg>id=add-to-cart</arg>
<doc>Click the element identified by ``locator``.</doc>
<status status="FAIL" start="2025-11-24T01:10:54.028611" elapsed="3.225483">Element with locator 'id=add-to-cart' not found.</status>
</kw>
<kw name="Click Element" owner="SeleniumLibrary">
<arg>id=back-to-products</arg>
<doc>Click the element identified by ``locator``.</doc>
<status status="NOT RUN" start="2025-11-24T01:10:57.255258" elapsed="0.000368"/>
</kw>
<status status="FAIL" start="2025-11-24T01:10:53.583840" elapsed="3.672783">Element with locator 'id=add-to-cart' not found.</status>
</branch>
<status status="FAIL" start="2025-11-24T01:10:53.583797" elapsed="3.673793">Element with locator 'id=add-to-cart' not found.</status>
</if>
<var name="${product}">Sauce Labs Backpack</var>
<status status="FAIL" start="2025-11-24T01:10:53.254077" elapsed="4.003581">Element with locator 'id=add-to-cart' not found.</status>
</iter>
<var>${product}</var>
<value>@{products}</value>
<status status="FAIL" start="2025-11-24T01:10:53.253615" elapsed="4.005049">Element with locator 'id=add-to-cart' not found.</status>
</for>
<kw name="Log" owner="BuiltIn">
<arg>Added all selected products to cart</arg>
<doc>Logs the given message with the given level.</doc>
<status status="NOT RUN" start="2025-11-24T01:10:57.259709" elapsed="0.000351"/>
</kw>
<arg>@{PRODUCTS}</arg>
<status status="FAIL" start="2025-11-24T01:10:53.253014" elapsed="4.008083">Element with locator 'id=add-to-cart' not found.</status>
</kw>
<kw name="Logout" owner="keywords">
<status status="NOT RUN" start="2025-11-24T01:10:57.261613" elapsed="0.000386"/>
</kw>
<kw name="Close Browser" owner="keywords">
<status status="NOT RUN" start="2025-11-24T01:10:57.262508" elapsed="0.000662"/>
</kw>
<status status="FAIL" start="2025-11-24T01:10:41.360785" elapsed="15.902959">Element with locator 'id=add-to-cart' not found.</status>
</test>
<status status="FAIL" start="2025-11-24T01:10:41.314000" elapsed="15.903000"/>
</suite>
<suite id="s1-s2" name="AddProducts Windows, 11, Firefox, latest" source="C:\Users\Acer\PycharmProjects\Testing\Assignment_2\testCases\AddProducts.robot">
<test id="s1-s2-t1" name="Add Selected Products To Cart" line="6">
<kw name="Open Browser To SauceDemo" owner="keywords">
<kw name="Open Browser" owner="SeleniumLibrary">
<msg time="2025-11-24T01:10:41.375147" level="INFO">Opening browser 'Chrome' to base url 'https://www.saucedemo.com/'.</msg>
<msg time="2025-11-24T01:10:43.129723" level="WARN">The chromedriver version (141.0.7390.78) detected in PATH at C:\Users\Acer\PycharmProjects\Testing\chromedriver-win64\chromedriver.exe might not be compatible with the detected chrome version (142.0.7444.176); currently, chromedriver 142.0.7444.175 is recommended for chrome 142.*, so it is advised to delete the driver in PATH and retry</msg>
<msg time="2025-11-24T01:10:43.133241" level="INFO">Completed setup!</msg>
<arg>${BASE_URL}</arg>
<arg>${BROWSER}</arg>
<doc>Opens a new browser instance to the optional ``url``.</doc>
<status status="PASS" start="2025-11-24T01:10:41.374543" elapsed="24.800731"/>
</kw>
<kw name="Maximize Browser Window" owner="SeleniumLibrary">
<doc>Maximizes current browser window.</doc>
<status status="PASS" start="2025-11-24T01:11:06.176693" elapsed="0.528287"/>
</kw>
<status status="PASS" start="2025-11-24T01:10:41.373421" elapsed="25.332603"/>
</kw>
<kw name="Login" owner="keywords">
<kw name="Input Text" owner="SeleniumLibrary">
<msg time="2025-11-24T01:11:06.707752" level="INFO">Typing text 'standard_user' into text field 'xpath=//input[@id="user-name"]'.</msg>
<arg>xpath=//input[@id="user-name"]</arg>
<arg>${USERNAME}</arg>
<doc>Types the given ``text`` into the text field identified by ``locator``.</doc>
<status status="PASS" start="2025-11-24T01:11:06.707115" elapsed="0.504570"/>
</kw>
<kw name="Input Text" owner="SeleniumLibrary">
<msg time="2025-11-24T01:11:07.213603" level="INFO">Typing text 'secret_sauce' into text field 'xpath=//input[@id="password"]'.</msg>
<arg>xpath=//input[@id="password"]</arg>
<arg>${PASSWORD}</arg>
<doc>Types the given ``text`` into the text field identified by ``locator``.</doc>
<status status="PASS" start="2025-11-24T01:11:07.212846" elapsed="0.661799"/>
</kw>
<kw name="Click Element" owner="SeleniumLibrary">
<msg time="2025-11-24T01:11:07.876374" level="INFO">Clicking element 'xpath=//input[@id="login-button"]'.</msg>
<arg>xpath=//input[@id="login-button"]</arg>
<doc>Click the element identified by ``locator``.</doc>
<status status="PASS" start="2025-11-24T01:11:07.875857" elapsed="0.452546"/>
</kw>
<status status="PASS" start="2025-11-24T01:11:06.706538" elapsed="1.622945"/>
</kw>
<kw name="Add Products To Cart" owner="keywords">
<for flavor="IN">
<iter>
<kw name="Run Keyword And Return Status" owner="BuiltIn">
<kw name="Element Should Be Visible" owner="SeleniumLibrary">
<msg time="2025-11-24T01:11:08.769096" level="INFO">Element 'xpath=//div[text()="Sauce Labs Backpack"]' is displayed.</msg>
<arg>xpath=//div[text()="${product}"]</arg>
<doc>Verifies that the element identified by ``locator`` is visible.</doc>
<status status="PASS" start="2025-11-24T01:11:08.332186" elapsed="0.437797"/>
</kw>
<msg time="2025-11-24T01:11:08.771525" level="INFO">${product_present} = True</msg>
<var>${product_present}</var>
<arg>Element Should Be Visible</arg>
<arg>xpath=//div[text()="${product}"]</arg>
<doc>Runs the given keyword with given arguments and returns the status as a Boolean value.</doc>
<status status="PASS" start="2025-11-24T01:11:08.331726" elapsed="0.440475"/>
</kw>
<if>
<branch type="IF" condition="${product_present}">
<kw name="Click Element" owner="SeleniumLibrary">
<msg time="2025-11-24T01:11:08.774287" level="INFO">Clicking element 'xpath=//div[text()="Sauce Labs Backpack"]'.</msg>
<arg>xpath=//div[text()="${product}"]</arg>
<doc>Click the element identified by ``locator``.</doc>
<status status="PASS" start="2025-11-24T01:11:08.773766" elapsed="0.413680"/>
</kw>
<kw name="Click Element" owner="SeleniumLibrary">
<msg time="2025-11-24T01:11:09.189260" level="INFO">Clicking element 'id=add-to-cart'.</msg>
<arg>id=add-to-cart</arg>
<doc>Click the element identified by ``locator``.</doc>
<status status="PASS" start="2025-11-24T01:11:09.188716" elapsed="0.525075"/>
</kw>
<kw name="Click Element" owner="SeleniumLibrary">
<msg time="2025-11-24T01:11:09.715402" level="INFO">Clicking element 'id=back-to-products'.</msg>
<arg>id=back-to-products</arg>
<doc>Click the element identified by ``locator``.</doc>
<status status="PASS" start="2025-11-24T01:11:09.714912" elapsed="0.435491"/>
</kw>
<status status="PASS" start="2025-11-24T01:11:08.773289" elapsed="1.378139"/>
</branch>
<status status="PASS" start="2025-11-24T01:11:08.773257" elapsed="1.379133"/>
</if>
<var name="${product}">Sauce Labs Backpack</var>
<status status="PASS" start="2025-11-24T01:11:08.331331" elapsed="1.821095"/>
</iter>
<iter>
<kw name="Run Keyword And Return Status" owner="BuiltIn">
<kw name="Element Should Be Visible" owner="SeleniumLibrary">
<msg time="2025-11-24T01:11:10.466626" level="INFO">Element 'xpath=//div[text()="Sauce Labs Bike Light"]' is displayed.</msg>
<arg>xpath=//div[text()="${product}"]</arg>
<doc>Verifies that the element identified by ``locator`` is visible.</doc>
<status status="PASS" start="2025-11-24T01:11:10.154355" elapsed="0.312999"/>
</kw>
<msg time="2025-11-24T01:11:10.468458" level="INFO">${product_present} = True</msg>
<var>${product_present}</var>
<arg>Element Should Be Visible</arg>
<arg>xpath=//div[text()="${product}"]</arg>
<doc>Runs the given keyword with given arguments and returns the status as a Boolean value.</doc>
<status status="PASS" start="2025-11-24T01:11:10.153896" elapsed="0.315208"/>
</kw>
<if>
<branch type="IF" condition="${product_present}">
<kw name="Click Element" owner="SeleniumLibrary">
<msg time="2025-11-24T01:11:10.471114" level="INFO">Clicking element 'xpath=//div[text()="Sauce Labs Bike Light"]'.</msg>
<arg>xpath=//div[text()="${product}"]</arg>
<doc>Click the element identified by ``locator``.</doc>
<status status="PASS" start="2025-11-24T01:11:10.470606" elapsed="0.388297"/>
</kw>
<kw name="Click Element" owner="SeleniumLibrary">
<msg time="2025-11-24T01:11:10.860576" level="INFO">Clicking element 'id=add-to-cart'.</msg>
<arg>id=add-to-cart</arg>
<doc>Click the element identified by ``locator``.</doc>
<status status="PASS" start="2025-11-24T01:11:10.860075" elapsed="0.335097"/>
</kw>
<kw name="Click Element" owner="SeleniumLibrary">
<msg time="2025-11-24T01:11:11.196813" level="INFO">Clicking element 'id=back-to-products'.</msg>
<arg>id=back-to-products</arg>
<doc>Click the element identified by ``locator``.</doc>
<status status="PASS" start="2025-11-24T01:11:11.196306" elapsed="0.443959"/>
</kw>
<status status="PASS" start="2025-11-24T01:11:10.470172" elapsed="1.171142"/>
</branch>
<status status="PASS" start="2025-11-24T01:11:10.470144" elapsed="1.172130"/>
</if>
<var name="${product}">Sauce Labs Bike Light</var>
<status status="PASS" start="2025-11-24T01:11:10.153466" elapsed="1.488839"/>
</iter>
<iter>
<kw name="Run Keyword And Return Status" owner="BuiltIn">
<kw name="Element Should Be Visible" owner="SeleniumLibrary">
<msg time="2025-11-24T01:11:11.911262" level="INFO">Element 'xpath=//div[text()="Sauce Labs Bolt T-Shirt"]' is displayed.</msg>
<arg>xpath=//div[text()="${product}"]</arg>
<doc>Verifies that the element identified by ``locator`` is visible.</doc>
<status status="PASS" start="2025-11-24T01:11:11.644167" elapsed="0.267834"/>
</kw>
<msg time="2025-11-24T01:11:11.913074" level="INFO">${product_present} = True</msg>
<var>${product_present}</var>
<arg>Element Should Be Visible</arg>
<arg>xpath=//div[text()="${product}"]</arg>
<doc>Runs the given keyword with given arguments and returns the status as a Boolean value.</doc>
<status status="PASS" start="2025-11-24T01:11:11.643724" elapsed="0.269981"/>
</kw>
<if>
<branch type="IF" condition="${product_present}">
<kw name="Click Element" owner="SeleniumLibrary">
<msg time="2025-11-24T01:11:11.916026" level="INFO">Clicking element 'xpath=//div[text()="Sauce Labs Bolt T-Shirt"]'.</msg>
<arg>xpath=//div[text()="${product}"]</arg>
<doc>Click the element identified by ``locator``.</doc>
<status status="PASS" start="2025-11-24T01:11:11.915508" elapsed="0.372416"/>
</kw>
<kw name="Click Element" owner="SeleniumLibrary">
<msg time="2025-11-24T01:11:12.289506" level="INFO">Clicking element 'id=add-to-cart'.</msg>
<arg>id=add-to-cart</arg>
<doc>Click the element identified by ``locator``.</doc>
<status status="PASS" start="2025-11-24T01:11:12.289020" elapsed="0.364250"/>
</kw>
<kw name="Click Element" owner="SeleniumLibrary">
<msg time="2025-11-24T01:11:12.654900" level="INFO">Clicking element 'id=back-to-products'.</msg>
<arg>id=back-to-products</arg>
<doc>Click the element identified by ``locator``.</doc>
<status status="PASS" start="2025-11-24T01:11:12.654418" elapsed="0.379739"/>
</kw>
<status status="PASS" start="2025-11-24T01:11:11.915060" elapsed="1.120195"/>
</branch>
<status status="PASS" start="2025-11-24T01:11:11.915033" elapsed="1.121197"/>
</if>
<var name="${product}">Sauce Labs Bolt T-Shirt</var>
<status status="PASS" start="2025-11-24T01:11:11.643332" elapsed="1.392929"/>
</iter>
<var>${product}</var>
<value>@{products}</value>
<status status="PASS" start="2025-11-24T01:11:08.330734" elapsed="4.706508"/>
</for>
<kw name="Log" owner="BuiltIn">
<msg time="2025-11-24T01:11:13.038867" level="INFO">Added all selected products to cart</msg>
<arg>Added all selected products to cart</arg>
<doc>Logs the given message with the given level.</doc>
<status status="PASS" start="2025-11-24T01:11:13.038421" elapsed="0.001139"/>
</kw>
<arg>@{PRODUCTS}</arg>
<status status="PASS" start="2025-11-24T01:11:08.330111" elapsed="4.710477"/>
</kw>
<kw name="Logout" owner="keywords">
<kw name="Click Button" owner="SeleniumLibrary">
<msg time="2025-11-24T01:11:13.042118" level="INFO">Clicking button 'xpath=//button[@id="react-burger-menu-btn"]'.</msg>
<arg>xpath=//button[@id="react-burger-menu-btn"]</arg>
<doc>Clicks the button identified by ``locator``.</doc>
<status status="PASS" start="2025-11-24T01:11:13.041639" elapsed="0.863814"/>
</kw>
<kw name="Sleep" owner="BuiltIn">
<msg time="2025-11-24T01:11:14.907351" level="INFO">Slept 1 second.</msg>
<arg>1s</arg>
<doc>Pauses the test executed for the given time.</doc>
<status status="PASS" start="2025-11-24T01:11:13.906562" elapsed="1.001661"/>
</kw>
<kw name="Click Element" owner="SeleniumLibrary">
<msg time="2025-11-24T01:11:14.909872" level="INFO">Clicking element 'xpath=//a[text()="Logout"]'.</msg>
<arg>xpath=//a[text()="Logout"]</arg>
<doc>Click the element identified by ``locator``.</doc>
<status status="PASS" start="2025-11-24T01:11:14.909391" elapsed="0.351386"/>
</kw>
<status status="PASS" start="2025-11-24T01:11:13.041090" elapsed="2.220738"/>
</kw>
<kw name="Close Browser" owner="keywords">
<kw name="Close All Browsers" owner="SeleniumLibrary">
<doc>Closes all open browsers and resets the browser cache.</doc>
<status status="PASS" start="2025-11-24T01:11:15.262888" elapsed="0.985690"/>
</kw>
<status status="PASS" start="2025-11-24T01:11:15.262347" elapsed="0.987322"/>
</kw>
<status status="PASS" start="2025-11-24T01:10:41.371212" elapsed="34.878959"/>
</test>
<status status="PASS" start="2025-11-24T01:10:41.324184" elapsed="34.926921"/>
</suite>
<suite id="s1-s3" name="AddProducts OS X, Sonoma, Safari, latest" source="C:\Users\Acer\PycharmProjects\Testing\Assignment_2\testCases\AddProducts.robot">
<test id="s1-s3-t1" name="Add Selected Products To Cart" line="6">
<kw name="Open Browser To SauceDemo" owner="keywords">
<kw name="Open Browser" owner="SeleniumLibrary">
<msg time="2025-11-24T01:10:41.353091" level="INFO">Opening browser 'Chrome' to base url 'https://www.saucedemo.com/'.</msg>
<msg time="2025-11-24T01:10:43.188704" level="WARN">The chromedriver version (141.0.7390.78) detected in PATH at C:\Users\Acer\PycharmProjects\Testing\chromedriver-win64\chromedriver.exe might not be compatible with the detected chrome version (142.0.7444.176); currently, chromedriver 142.0.7444.175 is recommended for chrome 142.*, so it is advised to delete the driver in PATH and retry</msg>
<msg time="2025-11-24T01:10:43.191753" level="INFO">Completed setup!</msg>
<arg>${BASE_URL}</arg>
<arg>${BROWSER}</arg>
<doc>Opens a new browser instance to the optional ``url``.</doc>
<status status="PASS" start="2025-11-24T01:10:41.352447" elapsed="14.693624"/>
</kw>
<kw name="Maximize Browser Window" owner="SeleniumLibrary">
<doc>Maximizes current browser window.</doc>
<status status="PASS" start="2025-11-24T01:10:56.047354" elapsed="0.136937"/>
</kw>
<status status="PASS" start="2025-11-24T01:10:41.351329" elapsed="14.834034"/>
</kw>
<kw name="Login" owner="keywords">
<kw name="Input Text" owner="SeleniumLibrary">
<msg time="2025-11-24T01:10:56.187102" level="INFO">Typing text 'standard_user' into text field 'xpath=//input[@id="user-name"]'.</msg>
<arg>xpath=//input[@id="user-name"]</arg>
<arg>${USERNAME}</arg>
<doc>Types the given ``text`` into the text field identified by ``locator``.</doc>
<status status="PASS" start="2025-11-24T01:10:56.186451" elapsed="0.429616"/>
</kw>
<kw name="Input Text" owner="SeleniumLibrary">
<msg time="2025-11-24T01:10:56.617786" level="INFO">Typing text 'secret_sauce' into text field 'xpath=//input[@id="password"]'.</msg>
<arg>xpath=//input[@id="password"]</arg>
<arg>${PASSWORD}</arg>
<doc>Types the given ``text`` into the text field identified by ``locator``.</doc>
<status status="PASS" start="2025-11-24T01:10:56.617264" elapsed="0.434228"/>
</kw>
<kw name="Click Element" owner="SeleniumLibrary">
<msg time="2025-11-24T01:10:57.053104" level="INFO">Clicking element 'xpath=//input[@id="login-button"]'.</msg>
<arg>xpath=//input[@id="login-button"]</arg>
<doc>Click the element identified by ``locator``.</doc>
<status status="PASS" start="2025-11-24T01:10:57.052621" elapsed="0.274388"/>
</kw>
<status status="PASS" start="2025-11-24T01:10:56.185881" elapsed="1.142268"/>
</kw>
<kw name="Add Products To Cart" owner="keywords">
<for flavor="IN">
<iter>
<kw name="Run Keyword And Return Status" owner="BuiltIn">
<kw name="Element Should Be Visible" owner="SeleniumLibrary">
<msg time="2025-11-24T01:10:57.577829" level="INFO">Element 'xpath=//div[text()="Sauce Labs Backpack"]' is displayed.</msg>
<arg>xpath=//div[text()="${product}"]</arg>
<doc>Verifies that the element identified by ``locator`` is visible.</doc>
<status status="PASS" start="2025-11-24T01:10:57.331053" elapsed="0.247637"/>
</kw>
<msg time="2025-11-24T01:10:57.579792" level="INFO">${product_present} = True</msg>
<var>${product_present}</var>
<arg>Element Should Be Visible</arg>
<arg>xpath=//div[text()="${product}"]</arg>
<doc>Runs the given keyword with given arguments and returns the status as a Boolean value.</doc>
<status status="PASS" start="2025-11-24T01:10:57.330462" elapsed="0.249982"/>
</kw>
<if>
<branch type="IF" condition="${product_present}">
<kw name="Click Element" owner="SeleniumLibrary">
<msg time="2025-11-24T01:10:57.582458" level="INFO">Clicking element 'xpath=//div[text()="Sauce Labs Backpack"]'.</msg>
<arg>xpath=//div[text()="${product}"]</arg>
<doc>Click the element identified by ``locator``.</doc>
<status status="PASS" start="2025-11-24T01:10:57.581951" elapsed="0.293822"/>
</kw>
<kw name="Click Element" owner="SeleniumLibrary">
<msg time="2025-11-24T01:10:57.877393" level="INFO">Clicking element 'id=add-to-cart'.</msg>
<arg>id=add-to-cart</arg>
<doc>Click the element identified by ``locator``.</doc>
<status status="PASS" start="2025-11-24T01:10:57.876899" elapsed="0.317560"/>
</kw>
<kw name="Click Element" owner="SeleniumLibrary">
<msg time="2025-11-24T01:10:58.196771" level="INFO">Clicking element 'id=back-to-products'.</msg>
<arg>id=back-to-products</arg>
<doc>Click the element identified by ``locator``.</doc>
<status status="PASS" start="2025-11-24T01:10:58.196109" elapsed="0.289745"/>
</kw>
<status status="PASS" start="2025-11-24T01:10:57.581519" elapsed="0.905415"/>
</branch>
<status status="PASS" start="2025-11-24T01:10:57.581487" elapsed="0.906430"/>
</if>
<var name="${product}">Sauce Labs Backpack</var>
<status status="PASS" start="2025-11-24T01:10:57.329922" elapsed="1.158031"/>
</iter>
<iter>
<kw name="Run Keyword And Return Status" owner="BuiltIn">
<kw name="Element Should Be Visible" owner="SeleniumLibrary">
<msg time="2025-11-24T01:10:58.751830" level="INFO">Element 'xpath=//div[text()="Sauce Labs Bike Light"]' is displayed.</msg>
<arg>xpath=//div[text()="${product}"]</arg>
<doc>Verifies that the element identified by ``locator`` is visible.</doc>
<status status="PASS" start="2025-11-24T01:10:58.489893" elapsed="0.262672"/>
</kw>
<msg time="2025-11-24T01:10:58.753670" level="INFO">${product_present} = True</msg>
<var>${product_present}</var>
<arg>Element Should Be Visible</arg>
<arg>xpath=//div[text()="${product}"]</arg>
<doc>Runs the given keyword with given arguments and returns the status as a Boolean value.</doc>
<status status="PASS" start="2025-11-24T01:10:58.489430" elapsed="0.264867"/>
</kw>
<if>
<branch type="IF" condition="${product_present}">
<kw name="Click Element" owner="SeleniumLibrary">
<msg time="2025-11-24T01:10:58.756253" level="INFO">Clicking element 'xpath=//div[text()="Sauce Labs Bike Light"]'.</msg>
<arg>xpath=//div[text()="${product}"]</arg>
<doc>Click the element identified by ``locator``.</doc>
<status status="PASS" start="2025-11-24T01:10:58.755759" elapsed="0.264378"/>
</kw>
<kw name="Click Element" owner="SeleniumLibrary">
<msg time="2025-11-24T01:10:59.021814" level="INFO">Clicking element 'id=add-to-cart'.</msg>
<arg>id=add-to-cart</arg>
<doc>Click the element identified by ``locator``.</doc>
<status status="PASS" start="2025-11-24T01:10:59.021306" elapsed="0.267677"/>
</kw>
<kw name="Click Element" owner="SeleniumLibrary">
<msg time="2025-11-24T01:10:59.290754" level="INFO">Clicking element 'id=back-to-products'.</msg>
<arg>id=back-to-products</arg>
<doc>Click the element identified by ``locator``.</doc>
<status status="PASS" start="2025-11-24T01:10:59.290258" elapsed="0.273639"/>
</kw>
<status status="PASS" start="2025-11-24T01:10:58.755324" elapsed="0.809676"/>
</branch>
<status status="PASS" start="2025-11-24T01:10:58.755297" elapsed="0.810627"/>
</if>
<var name="${product}">Sauce Labs Bike Light</var>
<status status="PASS" start="2025-11-24T01:10:58.489025" elapsed="1.076930"/>
</iter>
<iter>
<kw name="Run Keyword And Return Status" owner="BuiltIn">
<kw name="Element Should Be Visible" owner="SeleniumLibrary">
<msg time="2025-11-24T01:10:59.834979" level="INFO">Element 'xpath=//div[text()="Sauce Labs Bolt T-Shirt"]' is displayed.</msg>
<arg>xpath=//div[text()="${product}"]</arg>
<doc>Verifies that the element identified by ``locator`` is visible.</doc>
<status status="PASS" start="2025-11-24T01:10:59.567835" elapsed="0.267965"/>
</kw>
<msg time="2025-11-24T01:10:59.836895" level="INFO">${product_present} = True</msg>
<var>${product_present}</var>
<arg>Element Should Be Visible</arg>
<arg>xpath=//div[text()="${product}"]</arg>
<doc>Runs the given keyword with given arguments and returns the status as a Boolean value.</doc>
<status status="PASS" start="2025-11-24T01:10:59.567384" elapsed="0.270164"/>
</kw>
<if>
<branch type="IF" condition="${product_present}">
<kw name="Click Element" owner="SeleniumLibrary">
<msg time="2025-11-24T01:10:59.839782" level="INFO">Clicking element 'xpath=//div[text()="Sauce Labs Bolt T-Shirt"]'.</msg>
<arg>xpath=//div[text()="${product}"]</arg>
<doc>Click the element identified by ``locator``.</doc>
<status status="PASS" start="2025-11-24T01:10:59.839261" elapsed="0.268558"/>
</kw>
<kw name="Click Element" owner="SeleniumLibrary">
<msg time="2025-11-24T01:11:00.109444" level="INFO">Clicking element 'id=add-to-cart'.</msg>
<arg>id=add-to-cart</arg>
<doc>Click the element identified by ``locator``.</doc>
<status status="PASS" start="2025-11-24T01:11:00.108943" elapsed="0.265233"/>
</kw>
<kw name="Click Element" owner="SeleniumLibrary">
<msg time="2025-11-24T01:11:00.375834" level="INFO">Clicking element 'id=back-to-products'.</msg>
<arg>id=back-to-products</arg>
<doc>Click the element identified by ``locator``.</doc>
<status status="PASS" start="2025-11-24T01:11:00.375332" elapsed="0.324308"/>
</kw>
<status status="PASS" start="2025-11-24T01:10:59.838811" elapsed="0.861881"/>
</branch>
<status status="PASS" start="2025-11-24T01:10:59.838781" elapsed="0.862867"/>
</if>
<var name="${product}">Sauce Labs Bolt T-Shirt</var>
<status status="PASS" start="2025-11-24T01:10:59.566994" elapsed="1.134687"/>
</iter>
<var>${product}</var>
<value>@{products}</value>
<status status="PASS" start="2025-11-24T01:10:57.329371" elapsed="3.373243"/>
</for>
<kw name="Log" owner="BuiltIn">
<msg time="2025-11-24T01:11:00.704127" level="INFO">Added all selected products to cart</msg>
<arg>Added all selected products to cart</arg>
<doc>Logs the given message with the given level.</doc>
<status status="PASS" start="2025-11-24T01:11:00.703665" elapsed="0.001132"/>
</kw>
<arg>@{PRODUCTS}</arg>
<status status="PASS" start="2025-11-24T01:10:57.328754" elapsed="3.377049"/>
</kw>
<kw name="Logout" owner="keywords">
<kw name="Click Button" owner="SeleniumLibrary">
<msg time="2025-11-24T01:11:00.707312" level="INFO">Clicking button 'xpath=//button[@id="react-burger-menu-btn"]'.</msg>
<arg>xpath=//button[@id="react-burger-menu-btn"]</arg>
<doc>Clicks the button identified by ``locator``.</doc>
<status status="PASS" start="2025-11-24T01:11:00.706839" elapsed="0.807580"/>
</kw>
<kw name="Sleep" owner="BuiltIn">
<msg time="2025-11-24T01:11:02.516338" level="INFO">Slept 1 second.</msg>
<arg>1s</arg>
<doc>Pauses the test executed for the given time.</doc>
<status status="PASS" start="2025-11-24T01:11:01.515564" elapsed="1.001570"/>
</kw>
<kw name="Click Element" owner="SeleniumLibrary">
<msg time="2025-11-24T01:11:02.518749" level="INFO">Clicking element 'xpath=//a[text()="Logout"]'.</msg>
<arg>xpath=//a[text()="Logout"]</arg>
<doc>Click the element identified by ``locator``.</doc>
<status status="PASS" start="2025-11-24T01:11:02.518267" elapsed="0.288641"/>
</kw>
<status status="PASS" start="2025-11-24T01:11:00.706290" elapsed="2.101688"/>
</kw>
<kw name="Close Browser" owner="keywords">
<kw name="Close All Browsers" owner="SeleniumLibrary">
<doc>Closes all open browsers and resets the browser cache.</doc>
<status status="PASS" start="2025-11-24T01:11:02.809056" elapsed="1.267741"/>
</kw>
<status status="PASS" start="2025-11-24T01:11:02.808504" elapsed="1.269410"/>
</kw>
<status status="PASS" start="2025-11-24T01:10:41.349155" elapsed="22.729439"/>
</test>
<status status="PASS" start="2025-11-24T01:10:41.303731" elapsed="22.775830"/>
</suite>
<suite id="s1-s4" name="BuyProducts Windows, 11, Chrome, latest" source="C:\Users\Acer\PycharmProjects\Testing\Assignment_2\testCases\BuyProducts.robot">
<test id="s1-s4-t1" name="Buy Selected Products" line="6">
<kw name="Open Browser To SauceDemo" owner="keywords">
<kw name="Open Browser" owner="SeleniumLibrary">
<msg time="2025-11-24T01:11:05.801228" level="INFO">Opening browser 'Chrome' to base url 'https://www.saucedemo.com/'.</msg>
<msg time="2025-11-24T01:11:05.868677" level="WARN">The chromedriver version (141.0.7390.78) detected in PATH at C:\Users\Acer\PycharmProjects\Testing\chromedriver-win64\chromedriver.exe might not be compatible with the detected chrome version (142.0.7444.176); currently, chromedriver 142.0.7444.175 is recommended for chrome 142.*, so it is advised to delete the driver in PATH and retry</msg>
<msg time="2025-11-24T01:11:05.871704" level="INFO">Completed setup!</msg>
<arg>${BASE_URL}</arg>
<arg>${BROWSER}</arg>
<doc>Opens a new browser instance to the optional ``url``.</doc>
<status status="PASS" start="2025-11-24T01:11:05.800631" elapsed="6.708403"/>
</kw>
<kw name="Maximize Browser Window" owner="SeleniumLibrary">
<doc>Maximizes current browser window.</doc>
<status status="PASS" start="2025-11-24T01:11:12.510322" elapsed="0.329583"/>
</kw>
<status status="PASS" start="2025-11-24T01:11:05.799577" elapsed="7.041383"/>
</kw>
<kw name="Login" owner="keywords">
<kw name="Input Text" owner="SeleniumLibrary">
<msg time="2025-11-24T01:11:12.842958" level="INFO">Typing text 'standard_user' into text field 'xpath=//input[@id="user-name"]'.</msg>
<arg>xpath=//input[@id="user-name"]</arg>
<arg>${USERNAME}</arg>
<doc>Types the given ``text`` into the text field identified by ``locator``.</doc>
<status status="PASS" start="2025-11-24T01:11:12.842065" elapsed="0.849004"/>
</kw>
<kw name="Input Text" owner="SeleniumLibrary">
<msg time="2025-11-24T01:11:13.692808" level="INFO">Typing text 'secret_sauce' into text field 'xpath=//input[@id="password"]'.</msg>
<arg>xpath=//input[@id="password"]</arg>
<arg>${PASSWORD}</arg>
<doc>Types the given ``text`` into the text field identified by ``locator``.</doc>
<status status="PASS" start="2025-11-24T01:11:13.692244" elapsed="0.665931"/>
</kw>
<kw name="Click Element" owner="SeleniumLibrary">
<msg time="2025-11-24T01:11:14.359947" level="INFO">Clicking element 'xpath=//input[@id="login-button"]'.</msg>
<arg>xpath=//input[@id="login-button"]</arg>
<doc>Click the element identified by ``locator``.</doc>
<status status="PASS" start="2025-11-24T01:11:14.359446" elapsed="0.589367"/>
</kw>
<status status="PASS" start="2025-11-24T01:11:12.841494" elapsed="2.108400"/>
</kw>
<kw name="Add Products To Cart" owner="keywords">
<for flavor="IN">
<iter>
<kw name="Run Keyword And Return Status" owner="BuiltIn">
<kw name="Element Should Be Visible" owner="SeleniumLibrary">
<msg time="2025-11-24T01:11:15.272049" level="INFO">Element 'xpath=//div[text()="Sauce Labs Backpack"]' is displayed.</msg>
<arg>xpath=//div[text()="${product}"]</arg>
<doc>Verifies that the element identified by ``locator`` is visible.</doc>
<status status="PASS" start="2025-11-24T01:11:14.952382" elapsed="0.320376"/>
</kw>
<msg time="2025-11-24T01:11:15.273843" level="INFO">${product_present} = True</msg>
<var>${product_present}</var>
<arg>Element Should Be Visible</arg>
<arg>xpath=//div[text()="${product}"]</arg>
<doc>Runs the given keyword with given arguments and returns the status as a Boolean value.</doc>
<status status="PASS" start="2025-11-24T01:11:14.951928" elapsed="0.322546"/>
</kw>
<if>
<branch type="IF" condition="${product_present}">
<kw name="Click Element" owner="SeleniumLibrary">
<msg time="2025-11-24T01:11:15.276419" level="INFO">Clicking element 'xpath=//div[text()="Sauce Labs Backpack"]'.</msg>
<arg>xpath=//div[text()="${product}"]</arg>
<doc>Click the element identified by ``locator``.</doc>
<status status="PASS" start="2025-11-24T01:11:15.275923" elapsed="0.476101"/>
</kw>
<kw name="Click Element" owner="SeleniumLibrary">
<msg time="2025-11-24T01:11:15.753723" level="INFO">Clicking element 'id=add-to-cart'.</msg>
<msg time="2025-11-24T01:11:18.270254" level="INFO" html="true">&lt;/td&gt;&lt;/tr&gt;&lt;tr&gt;&lt;td colspan="3"&gt;&lt;a href="20251124_011037-3-selenium-screenshot-1.png"&gt;&lt;img src="20251124_011037-3-selenium-screenshot-1.png" width="800px"&gt;&lt;/a&gt;</msg>
<msg time="2025-11-24T01:11:18.270485" level="FAIL">Element with locator 'id=add-to-cart' not found.</msg>
<arg>id=add-to-cart</arg>
<doc>Click the element identified by ``locator``.</doc>
<status status="FAIL" start="2025-11-24T01:11:15.753202" elapsed="2.520274">Element with locator 'id=add-to-cart' not found.</status>
</kw>
<kw name="Click Element" owner="SeleniumLibrary">
<arg>id=back-to-products</arg>
<doc>Click the element identified by ``locator``.</doc>
<status status="NOT RUN" start="2025-11-24T01:11:18.274733" elapsed="0.000386"/>
</kw>
<status status="FAIL" start="2025-11-24T01:11:15.275497" elapsed="3.000699">Element with locator 'id=add-to-cart' not found.</status>
</branch>
<status status="FAIL" start="2025-11-24T01:11:15.275465" elapsed="3.001788">Element with locator 'id=add-to-cart' not found.</status>
</if>
<var name="${product}">Sauce Labs Backpack</var>
<status status="FAIL" start="2025-11-24T01:11:14.951557" elapsed="3.325774">Element with locator 'id=add-to-cart' not found.</status>
</iter>
<var>${product}</var>
<value>@{products}</value>
<status status="FAIL" start="2025-11-24T01:11:14.951093" elapsed="3.327322">Element with locator 'id=add-to-cart' not found.</status>
</for>
<kw name="Log" owner="BuiltIn">
<arg>Added all selected products to cart</arg>
<doc>Logs the given message with the given level.</doc>
<status status="NOT RUN" start="2025-11-24T01:11:18.279896" elapsed="0.000443"/>
</kw>
<arg>@{PRODUCTS}</arg>
<status status="FAIL" start="2025-11-24T01:11:14.950495" elapsed="3.331061">Element with locator 'id=add-to-cart' not found.</status>
</kw>
<kw name="Check And Act" owner="keywords">
<arg>@{PRODUCTS}</arg>
<status status="NOT RUN" start="2025-11-24T01:11:18.282319" elapsed="0.000469"/>
</kw>
<kw name="Sleep" owner="BuiltIn">
<arg>1s</arg>
<doc>Pauses the test executed for the given time.</doc>
<status status="NOT RUN" start="2025-11-24T01:11:18.283340" elapsed="0.000422"/>
</kw>
<kw name="Close Browser" owner="keywords">
<status status="NOT RUN" start="2025-11-24T01:11:18.284321" elapsed="0.000419"/>
</kw>
<status status="FAIL" start="2025-11-24T01:11:05.797574" elapsed="12.487732">Element with locator 'id=add-to-cart' not found.</status>
</test>
<status status="FAIL" start="2025-11-24T01:11:05.754297" elapsed="13.349115"/>
</suite>
<suite id="s1-s5" name="BuyProducts Windows, 11, Firefox, latest" source="C:\Users\Acer\PycharmProjects\Testing\Assignment_2\testCases\BuyProducts.robot">
<test id="s1-s5-t1" name="Buy Selected Products" line="6">
<kw name="Open Browser To SauceDemo" owner="keywords">
<kw name="Open Browser" owner="SeleniumLibrary">
<msg time="2025-11-24T01:11:10.323717" level="INFO">Opening browser 'Chrome' to base url 'https://www.saucedemo.com/'.</msg>
<msg time="2025-11-24T01:11:10.394196" level="WARN">The chromedriver version (141.0.7390.78) detected in PATH at C:\Users\Acer\PycharmProjects\Testing\chromedriver-win64\chromedriver.exe might not be compatible with the detected chrome version (142.0.7444.176); currently, chromedriver 142.0.7444.175 is recommended for chrome 142.*, so it is advised to delete the driver in PATH and retry</msg>
<msg time="2025-11-24T01:11:10.397443" level="INFO">Completed setup!</msg>
<arg>${BASE_URL}</arg>
<arg>${BROWSER}</arg>
<doc>Opens a new browser instance to the optional ``url``.</doc>
<status status="PASS" start="2025-11-24T01:11:10.323149" elapsed="44.961999"/>
</kw>
<kw name="Maximize Browser Window" owner="SeleniumLibrary">
<doc>Maximizes current browser window.</doc>
<status status="PASS" start="2025-11-24T01:11:55.286483" elapsed="0.570853"/>
</kw>
<status status="PASS" start="2025-11-24T01:11:10.322176" elapsed="45.536463"/>
</kw>
<kw name="Login" owner="keywords">
<kw name="Input Text" owner="SeleniumLibrary">
<msg time="2025-11-24T01:11:55.860593" level="INFO">Typing text 'standard_user' into text field 'xpath=//input[@id="user-name"]'.</msg>
<arg>xpath=//input[@id="user-name"]</arg>
<arg>${USERNAME}</arg>
<doc>Types the given ``text`` into the text field identified by ``locator``.</doc>
<status status="PASS" start="2025-11-24T01:11:55.859835" elapsed="0.800535"/>
</kw>
<kw name="Input Text" owner="SeleniumLibrary">
<msg time="2025-11-24T01:11:56.663714" level="INFO">Typing text 'secret_sauce' into text field 'xpath=//input[@id="password"]'.</msg>
<arg>xpath=//input[@id="password"]</arg>
<arg>${PASSWORD}</arg>
<doc>Types the given ``text`` into the text field identified by ``locator``.</doc>
<status status="PASS" start="2025-11-24T01:11:56.662579" elapsed="0.495406"/>
</kw>
<kw name="Click Element" owner="SeleniumLibrary">
<msg time="2025-11-24T01:11:57.159673" level="INFO">Clicking element 'xpath=//input[@id="login-button"]'.</msg>
<arg>xpath=//input[@id="login-button"]</arg>
<doc>Click the element identified by ``locator``.</doc>
<status status="PASS" start="2025-11-24T01:11:57.159175" elapsed="0.673052"/>
</kw>
<status status="PASS" start="2025-11-24T01:11:55.859204" elapsed="1.974160"/>
</kw>
<kw name="Add Products To Cart" owner="keywords">
<for flavor="IN">
<iter>
<kw name="Run Keyword And Return Status" owner="BuiltIn">
<kw name="Element Should Be Visible" owner="SeleniumLibrary">
<msg time="2025-11-24T01:11:58.139655" level="INFO">Element 'xpath=//div[text()="Sauce Labs Backpack"]' is displayed.</msg>
<arg>xpath=//div[text()="${product}"]</arg>
<doc>Verifies that the element identified by ``locator`` is visible.</doc>
<status status="PASS" start="2025-11-24T01:11:57.835960" elapsed="0.304407"/>
</kw>
<msg time="2025-11-24T01:11:58.141516" level="INFO">${product_present} = True</msg>
<var>${product_present}</var>
<arg>Element Should Be Visible</arg>
<arg>xpath=//div[text()="${product}"]</arg>
<doc>Runs the given keyword with given arguments and returns the status as a Boolean value.</doc>
<status status="PASS" start="2025-11-24T01:11:57.835481" elapsed="0.306669"/>
</kw>
<if>
<branch type="IF" condition="${product_present}">
<kw name="Click Element" owner="SeleniumLibrary">
<msg time="2025-11-24T01:11:58.144624" level="INFO">Clicking element 'xpath=//div[text()="Sauce Labs Backpack"]'.</msg>
<arg>xpath=//div[text()="${product}"]</arg>
<doc>Click the element identified by ``locator``.</doc>
<status status="PASS" start="2025-11-24T01:11:58.143898" elapsed="0.386882"/>
</kw>
<kw name="Click Element" owner="SeleniumLibrary">
<msg time="2025-11-24T01:11:58.532382" level="INFO">Clicking element 'id=add-to-cart'.</msg>
<arg>id=add-to-cart</arg>
<doc>Click the element identified by ``locator``.</doc>
<status status="PASS" start="2025-11-24T01:11:58.531889" elapsed="0.341873"/>
</kw>
<kw name="Click Element" owner="SeleniumLibrary">
<msg time="2025-11-24T01:11:58.875392" level="INFO">Clicking element 'id=back-to-products'.</msg>
<arg>id=back-to-products</arg>
<doc>Click the element identified by ``locator``.</doc>
<status status="PASS" start="2025-11-24T01:11:58.874891" elapsed="0.422273"/>
</kw>
<status status="PASS" start="2025-11-24T01:11:58.143258" elapsed="1.154990"/>
</branch>
<status status="PASS" start="2025-11-24T01:11:58.143224" elapsed="1.155972"/>
</if>
<var name="${product}">Sauce Labs Backpack</var>
<status status="PASS" start="2025-11-24T01:11:57.835088" elapsed="1.464144"/>
</iter>
<iter>
<kw name="Run Keyword And Return Status" owner="BuiltIn">
<kw name="Element Should Be Visible" owner="SeleniumLibrary">
<msg time="2025-11-24T01:11:59.584295" level="INFO">Element 'xpath=//div[text()="Sauce Labs Bike Light"]' is displayed.</msg>
<arg>xpath=//div[text()="${product}"]</arg>
<doc>Verifies that the element identified by ``locator`` is visible.</doc>
<status status="PASS" start="2025-11-24T01:11:59.301163" elapsed="0.283875"/>
</kw>
<msg time="2025-11-24T01:11:59.586269" level="INFO">${product_present} = True</msg>
<var>${product_present}</var>
<arg>Element Should Be Visible</arg>
<arg>xpath=//div[text()="${product}"]</arg>
<doc>Runs the given keyword with given arguments and returns the status as a Boolean value.</doc>
<status status="PASS" start="2025-11-24T01:11:59.300695" elapsed="0.286292"/>
</kw>
<if>
<branch type="IF" condition="${product_present}">
<kw name="Click Element" owner="SeleniumLibrary">
<msg time="2025-11-24T01:11:59.589007" level="INFO">Clicking element 'xpath=//div[text()="Sauce Labs Bike Light"]'.</msg>
<arg>xpath=//div[text()="${product}"]</arg>
<doc>Click the element identified by ``locator``.</doc>
<status status="PASS" start="2025-11-24T01:11:59.588495" elapsed="0.417112"/>
</kw>
<kw name="Click Element" owner="SeleniumLibrary">
<msg time="2025-11-24T01:12:00.007419" level="INFO">Clicking element 'id=add-to-cart'.</msg>
<arg>id=add-to-cart</arg>
<doc>Click the element identified by ``locator``.</doc>
<status status="PASS" start="2025-11-24T01:12:00.006936" elapsed="0.378676"/>
</kw>
<kw name="Click Element" owner="SeleniumLibrary">
<msg time="2025-11-24T01:12:00.387254" level="INFO">Clicking element 'id=back-to-products'.</msg>
<arg>id=back-to-products</arg>
<doc>Click the element identified by ``locator``.</doc>
<status status="PASS" start="2025-11-24T01:12:00.386751" elapsed="0.417789"/>
</kw>
<status status="PASS" start="2025-11-24T01:11:59.588063" elapsed="1.217545"/>
</branch>
<status status="PASS" start="2025-11-24T01:11:59.588037" elapsed="1.218533"/>
</if>
<var name="${product}">Sauce Labs Bike Light</var>
<status status="PASS" start="2025-11-24T01:11:59.300287" elapsed="1.506315"/>
</iter>
<iter>
<kw name="Run Keyword And Return Status" owner="BuiltIn">
<kw name="Element Should Be Visible" owner="SeleniumLibrary">
<msg time="2025-11-24T01:12:01.104651" level="INFO">Element 'xpath=//div[text()="Sauce Labs Bolt T-Shirt"]' is displayed.</msg>
<arg>xpath=//div[text()="${product}"]</arg>
<doc>Verifies that the element identified by ``locator`` is visible.</doc>
<status status="PASS" start="2025-11-24T01:12:00.808722" elapsed="0.296621"/>
</kw>
<msg time="2025-11-24T01:12:01.106389" level="INFO">${product_present} = True</msg>
<var>${product_present}</var>
<arg>Element Should Be Visible</arg>
<arg>xpath=//div[text()="${product}"]</arg>
<doc>Runs the given keyword with given arguments and returns the status as a Boolean value.</doc>
<status status="PASS" start="2025-11-24T01:12:00.808260" elapsed="0.298747"/>
</kw>
<if>
<branch type="IF" condition="${product_present}">
<kw name="Click Element" owner="SeleniumLibrary">
<msg time="2025-11-24T01:12:01.109086" level="INFO">Clicking element 'xpath=//div[text()="Sauce Labs Bolt T-Shirt"]'.</msg>
<arg>xpath=//div[text()="${product}"]</arg>
<doc>Click the element identified by ``locator``.</doc>
<status status="PASS" start="2025-11-24T01:12:01.108592" elapsed="0.421189"/>
</kw>
<kw name="Click Element" owner="SeleniumLibrary">
<msg time="2025-11-24T01:12:01.531440" level="INFO">Clicking element 'id=add-to-cart'.</msg>
<arg>id=add-to-cart</arg>
<doc>Click the element identified by ``locator``.</doc>
<status status="PASS" start="2025-11-24T01:12:01.530940" elapsed="0.435068"/>
</kw>
<kw name="Click Element" owner="SeleniumLibrary">
<msg time="2025-11-24T01:12:01.967927" level="INFO">Clicking element 'id=back-to-products'.</msg>
<arg>id=back-to-products</arg>
<doc>Click the element identified by ``locator``.</doc>
<status status="PASS" start="2025-11-24T01:12:01.967410" elapsed="0.386413"/>
</kw>
<status status="PASS" start="2025-11-24T01:12:01.108165" elapsed="1.246837"/>
</branch>
<status status="PASS" start="2025-11-24T01:12:01.108140" elapsed="1.247915"/>
</if>
<var name="${product}">Sauce Labs Bolt T-Shirt</var>
<status status="PASS" start="2025-11-24T01:12:00.807871" elapsed="1.548216"/>
</iter>
<var>${product}</var>
<value>@{products}</value>
<status status="PASS" start="2025-11-24T01:11:57.834613" elapsed="4.522486"/>
</for>
<kw name="Log" owner="BuiltIn">
<msg time="2025-11-24T01:12:02.358679" level="INFO">Added all selected products to cart</msg>
<arg>Added all selected products to cart</arg>
<doc>Logs the given message with the given level.</doc>
<status status="PASS" start="2025-11-24T01:12:02.358213" elapsed="0.001197"/>
</kw>
<arg>@{PRODUCTS}</arg>
<status status="PASS" start="2025-11-24T01:11:57.833988" elapsed="4.526491"/>
</kw>
<kw name="Check And Act" owner="keywords">
<kw name="Run Keyword And Return Status" owner="BuiltIn">
<kw name="Element Should Be Visible" owner="SeleniumLibrary">
<msg time="2025-11-24T01:12:02.649676" level="INFO">Element 'xpath=//span[@data-test="shopping-cart-badge"]' is displayed.</msg>
<arg>xpath=//span[@data-test="shopping-cart-badge"]</arg>
<doc>Verifies that the element identified by ``locator`` is visible.</doc>
<status status="PASS" start="2025-11-24T01:12:02.362239" elapsed="0.288136"/>
</kw>
<msg time="2025-11-24T01:12:02.651433" level="INFO">${cart_badge_present} = True</msg>
<var>${cart_badge_present}</var>
<arg>Element Should Be Visible</arg>
<arg>xpath=//span[@data-test="shopping-cart-badge"]</arg>
<doc>Runs the given keyword with given arguments and returns the status as a Boolean value.</doc>
<status status="PASS" start="2025-11-24T01:12:02.361761" elapsed="0.290297"/>
</kw>
<kw name="Set Variable" owner="BuiltIn">
<msg time="2025-11-24T01:12:02.653537" level="INFO">${ITEM_COUNT} = 0</msg>
<var>${ITEM_COUNT}</var>
<arg>0</arg>
<doc>Returns the given values which can then be assigned to a variables.</doc>
<status status="PASS" start="2025-11-24T01:12:02.653091" elapsed="0.001089"/>
</kw>
<if>
<branch type="IF" condition="${cart_badge_present}">
<kw name="Get Text" owner="SeleniumLibrary">
<msg time="2025-11-24T01:12:02.939977" level="INFO">${ITEM_COUNT} = 3</msg>
<var>${ITEM_COUNT}</var>
<arg>xpath=//span[@data-test="shopping-cart-badge"]</arg>
<doc>Returns the text value of the element identified by ``locator``.</doc>
<status status="PASS" start="2025-11-24T01:12:02.655734" elapsed="0.284950"/>
</kw>
<status status="PASS" start="2025-11-24T01:12:02.655168" elapsed="0.286906"/>
</branch>
<status status="PASS" start="2025-11-24T01:12:02.655146" elapsed="0.288009"/>
</if>
<kw name="Convert To Integer" owner="BuiltIn">
<msg time="2025-11-24T01:12:02.943827" level="INFO">${ITEM_COUNT} = 3</msg>
<var>${ITEM_COUNT}</var>
<arg>${ITEM_COUNT}</arg>
<doc>Converts the given item to an integer number.</doc>
<status status="PASS" start="2025-11-24T01:12:02.943269" elapsed="0.001291"/>
</kw>
<kw name="Get Length" owner="BuiltIn">
<msg time="2025-11-24T01:12:02.946042" level="INFO">Length is 3.</msg>
<msg time="2025-11-24T01:12:02.946733" level="INFO">${PLANNED_COUNT} = 3</msg>
<var>${PLANNED_COUNT}</var>
<arg>${products}</arg>
<doc>Returns and logs the length of the given item as an integer.</doc>
<status status="PASS" start="2025-11-24T01:12:02.945614" elapsed="0.001764"/>
</kw>
<if>
<branch type="IF" condition="${ITEM_COUNT} == ${PLANNED_COUNT}">
<kw name="Buy Products" owner="keywords">
<kw name="Click Element" owner="SeleniumLibrary">
<msg time="2025-11-24T01:12:02.950148" level="INFO">Clicking element 'id=shopping_cart_container'.</msg>
<arg>id=shopping_cart_container</arg>
<doc>Click the element identified by ``locator``.</doc>
<status status="PASS" start="2025-11-24T01:12:02.949530" elapsed="0.353224"/>
</kw>
<kw name="Click Element" owner="SeleniumLibrary">
<msg time="2025-11-24T01:12:03.305851" level="INFO">Clicking element 'id=checkout'.</msg>
<arg>id=checkout</arg>
<doc>Click the element identified by ``locator``.</doc>
<status status="PASS" start="2025-11-24T01:12:03.305377" elapsed="0.354546"/>
</kw>
<kw name="Input Text" owner="SeleniumLibrary">
<msg time="2025-11-24T01:12:03.661633" level="INFO">Typing text 'Madiyar' into text field 'id=first-name'.</msg>
<arg>id=first-name</arg>
<arg>${FIRST_NAME}</arg>
<doc>Types the given ``text`` into the text field identified by ``locator``.</doc>
<status status="PASS" start="2025-11-24T01:12:03.661059" elapsed="0.438305"/>
</kw>
<kw name="Input Text" owner="SeleniumLibrary">
<msg time="2025-11-24T01:12:04.101073" level="INFO">Typing text 'Kuralov' into text field 'id=last-name'.</msg>
<arg>id=last-name</arg>
<arg>${LAST_NAME}</arg>
<doc>Types the given ``text`` into the text field identified by ``locator``.</doc>
<status status="PASS" start="2025-11-24T01:12:04.100526" elapsed="0.443169"/>
</kw>
<kw name="Input Text" owner="SeleniumLibrary">
<msg time="2025-11-24T01:12:04.545677" level="INFO">Typing text '1234' into text field 'id=postal-code'.</msg>
<arg>id=postal-code</arg>
<arg>${CODE}</arg>
<doc>Types the given ``text`` into the text field identified by ``locator``.</doc>
<status status="PASS" start="2025-11-24T01:12:04.544982" elapsed="0.387468"/>
</kw>
<kw name="Click Element" owner="SeleniumLibrary">
<msg time="2025-11-24T01:12:04.934168" level="INFO">Clicking element 'id=continue'.</msg>
<arg>id=continue</arg>
<doc>Click the element identified by ``locator``.</doc>
<status status="PASS" start="2025-11-24T01:12:04.933581" elapsed="0.370900"/>
</kw>
<kw name="Click Element" owner="SeleniumLibrary">
<msg time="2025-11-24T01:12:05.306080" level="INFO">Clicking element 'id=finish'.</msg>
<arg>id=finish</arg>
<doc>Click the element identified by ``locator``.</doc>
<status status="PASS" start="2025-11-24T01:12:05.305589" elapsed="0.375743"/>
</kw>
<kw name="Click Element" owner="SeleniumLibrary">
<msg time="2025-11-24T01:12:05.682947" level="INFO">Clicking element 'id=back-to-products'.</msg>
<arg>id=back-to-products</arg>
<doc>Click the element identified by ``locator``.</doc>
<status status="PASS" start="2025-11-24T01:12:05.682457" elapsed="0.374747"/>
</kw>
<status status="PASS" start="2025-11-24T01:12:02.948922" elapsed="3.109457"/>
</kw>
<status status="PASS" start="2025-11-24T01:12:02.948419" elapsed="3.111050"/>
</branch>
<branch type="ELSE">
<kw name="Clear Cart" owner="keywords">
<status status="NOT RUN" start="2025-11-24T01:12:06.060974" elapsed="0.000346"/>
</kw>
<status status="NOT RUN" start="2025-11-24T01:12:06.060485" elapsed="0.001794"/>
</branch>
<status status="PASS" start="2025-11-24T01:12:02.948397" elapsed="3.114850"/>
</if>
<arg>@{PRODUCTS}</arg>
<status status="PASS" start="2025-11-24T01:12:02.361089" elapsed="3.702230"/>
</kw>
<kw name="Sleep" owner="BuiltIn">
<msg time="2025-11-24T01:12:07.065140" level="INFO">Slept 1 second.</msg>
<arg>1s</arg>
<doc>Pauses the test executed for the given time.</doc>
<status status="PASS" start="2025-11-24T01:12:06.063851" elapsed="1.002046"/>
</kw>
<kw name="Close Browser" owner="keywords">
<kw name="Close All Browsers" owner="SeleniumLibrary">
<doc>Closes all open browsers and resets the browser cache.</doc>
<status status="PASS" start="2025-11-24T01:12:07.067134" elapsed="1.191153"/>
</kw>
<status status="PASS" start="2025-11-24T01:12:07.066573" elapsed="1.192946"/>
</kw>
<status status="PASS" start="2025-11-24T01:11:10.320277" elapsed="57.939768"/>
</test>
<status status="PASS" start="2025-11-24T01:11:10.278127" elapsed="57.982924"/>
</suite>
<suite id="s1-s6" name="BuyProducts OS X, Sonoma, Safari, latest" source="C:\Users\Acer\PycharmProjects\Testing\Assignment_2\testCases\BuyProducts.robot">
<test id="s1-s6-t1" name="Buy Selected Products" line="6">
<kw name="Open Browser To SauceDemo" owner="keywords">
<kw name="Open Browser" owner="SeleniumLibrary">
<msg time="2025-11-24T01:11:22.949444" level="INFO">Opening browser 'Chrome' to base url 'https://www.saucedemo.com/'.</msg>
<msg time="2025-11-24T01:11:23.018301" level="WARN">The chromedriver version (141.0.7390.78) detected in PATH at C:\Users\Acer\PycharmProjects\Testing\chromedriver-win64\chromedriver.exe might not be compatible with the detected chrome version (142.0.7444.176); currently, chromedriver 142.0.7444.175 is recommended for chrome 142.*, so it is advised to delete the driver in PATH and retry</msg>
<msg time="2025-11-24T01:11:23.021520" level="INFO">Completed setup!</msg>
<arg>${BASE_URL}</arg>
<arg>${BROWSER}</arg>
<doc>Opens a new browser instance to the optional ``url``.</doc>
<status status="PASS" start="2025-11-24T01:11:22.948864" elapsed="13.898701"/>
</kw>
<kw name="Maximize Browser Window" owner="SeleniumLibrary">
<doc>Maximizes current browser window.</doc>
<status status="PASS" start="2025-11-24T01:11:36.848896" elapsed="0.191526"/>
</kw>
<status status="PASS" start="2025-11-24T01:11:22.947854" elapsed="14.093734"/>
</kw>
<kw name="Login" owner="keywords">
<kw name="Input Text" owner="SeleniumLibrary">
<msg time="2025-11-24T01:11:37.043442" level="INFO">Typing text 'standard_user' into text field 'xpath=//input[@id="user-name"]'.</msg>
<arg>xpath=//input[@id="user-name"]</arg>
<arg>${USERNAME}</arg>
<doc>Types the given ``text`` into the text field identified by ``locator``.</doc>
<status status="PASS" start="2025-11-24T01:11:37.042760" elapsed="0.499888"/>
</kw>
<kw name="Input Text" owner="SeleniumLibrary">
<msg time="2025-11-24T01:11:37.545761" level="INFO">Typing text 'secret_sauce' into text field 'xpath=//input[@id="password"]'.</msg>
<arg>xpath=//input[@id="password"]</arg>
<arg>${PASSWORD}</arg>
<doc>Types the given ``text`` into the text field identified by ``locator``.</doc>
<status status="PASS" start="2025-11-24T01:11:37.544744" elapsed="0.457703"/>
</kw>
<kw name="Click Element" owner="SeleniumLibrary">
<msg time="2025-11-24T01:11:38.006250" level="INFO">Clicking element 'xpath=//input[@id="login-button"]'.</msg>
<arg>xpath=//input[@id="login-button"]</arg>
<doc>Click the element identified by ``locator``.</doc>
<status status="PASS" start="2025-11-24T01:11:38.005324" elapsed="0.296649"/>
</kw>
<status status="PASS" start="2025-11-24T01:11:37.042146" elapsed="1.261024"/>
</kw>
<kw name="Add Products To Cart" owner="keywords">
<for flavor="IN">
<iter>
<kw name="Run Keyword And Return Status" owner="BuiltIn">
<kw name="Element Should Be Visible" owner="SeleniumLibrary">
<msg time="2025-11-24T01:11:38.562884" level="INFO">Element 'xpath=//div[text()="Sauce Labs Backpack"]' is displayed.</msg>
<arg>xpath=//div[text()="${product}"]</arg>
<doc>Verifies that the element identified by ``locator`` is visible.</doc>
<status status="PASS" start="2025-11-24T01:11:38.305837" elapsed="0.257809"/>
</kw>
<msg time="2025-11-24T01:11:38.564814" level="INFO">${product_present} = True</msg>
<var>${product_present}</var>
<arg>Element Should Be Visible</arg>
<arg>xpath=//div[text()="${product}"]</arg>
<doc>Runs the given keyword with given arguments and returns the status as a Boolean value.</doc>
<status status="PASS" start="2025-11-24T01:11:38.305350" elapsed="0.260157"/>
</kw>
<if>
<branch type="IF" condition="${product_present}">
<kw name="Click Element" owner="SeleniumLibrary">
<msg time="2025-11-24T01:11:38.567578" level="INFO">Clicking element 'xpath=//div[text()="Sauce Labs Backpack"]'.</msg>
<arg>xpath=//div[text()="${product}"]</arg>
<doc>Click the element identified by ``locator``.</doc>
<status status="PASS" start="2025-11-24T01:11:38.567054" elapsed="0.272107"/>
</kw>
<kw name="Click Element" owner="SeleniumLibrary">
<msg time="2025-11-24T01:11:38.840842" level="INFO">Clicking element 'id=add-to-cart'.</msg>
<arg>id=add-to-cart</arg>
<doc>Click the element identified by ``locator``.</doc>
<status status="PASS" start="2025-11-24T01:11:38.840331" elapsed="0.258277"/>
</kw>
<kw name="Click Element" owner="SeleniumLibrary">
<msg time="2025-11-24T01:11:39.101710" level="INFO">Clicking element 'id=back-to-products'.</msg>
<arg>id=back-to-products</arg>
<doc>Click the element identified by ``locator``.</doc>
<status status="PASS" start="2025-11-24T01:11:39.100811" elapsed="0.268022"/>
</kw>
<status status="PASS" start="2025-11-24T01:11:38.566608" elapsed="0.803537"/>
</branch>
<status status="PASS" start="2025-11-24T01:11:38.566576" elapsed="0.804560"/>
</if>
<var name="${product}">Sauce Labs Backpack</var>
<status status="PASS" start="2025-11-24T01:11:38.304946" elapsed="1.066233"/>
</iter>
<iter>
<kw name="Run Keyword And Return Status" owner="BuiltIn">
<kw name="Element Should Be Visible" owner="SeleniumLibrary">
<msg time="2025-11-24T01:11:39.627588" level="INFO">Element 'xpath=//div[text()="Sauce Labs Bike Light"]' is displayed.</msg>
<arg>xpath=//div[text()="${product}"]</arg>
<doc>Verifies that the element identified by ``locator`` is visible.</doc>
<status status="PASS" start="2025-11-24T01:11:39.373661" elapsed="0.256443"/>
</kw>
<msg time="2025-11-24T01:11:39.632831" level="INFO">${product_present} = True</msg>
<var>${product_present}</var>
<arg>Element Should Be Visible</arg>
<arg>xpath=//div[text()="${product}"]</arg>
<doc>Runs the given keyword with given arguments and returns the status as a Boolean value.</doc>
<status status="PASS" start="2025-11-24T01:11:39.373177" elapsed="0.260395"/>
</kw>
<if>
<branch type="IF" condition="${product_present}">
<kw name="Click Element" owner="SeleniumLibrary">
<msg time="2025-11-24T01:11:39.636074" level="INFO">Clicking element 'xpath=//div[text()="Sauce Labs Bike Light"]'.</msg>
<arg>xpath=//div[text()="${product}"]</arg>
<doc>Click the element identified by ``locator``.</doc>
<status status="PASS" start="2025-11-24T01:11:39.635355" elapsed="0.278734"/>
</kw>
<kw name="Click Element" owner="SeleniumLibrary">
<msg time="2025-11-24T01:11:39.916311" level="INFO">Clicking element 'id=add-to-cart'.</msg>
<arg>id=add-to-cart</arg>
<doc>Click the element identified by ``locator``.</doc>
<status status="PASS" start="2025-11-24T01:11:39.915755" elapsed="0.282804"/>
</kw>
<kw name="Click Element" owner="SeleniumLibrary">
<msg time="2025-11-24T01:11:40.200299" level="INFO">Clicking element 'id=back-to-products'.</msg>
<arg>id=back-to-products</arg>
<doc>Click the element identified by ``locator``.</doc>
<status status="PASS" start="2025-11-24T01:11:40.199771" elapsed="0.393219"/>
</kw>
<status status="PASS" start="2025-11-24T01:11:39.634856" elapsed="0.959447"/>
</branch>
<status status="PASS" start="2025-11-24T01:11:39.634826" elapsed="0.960575"/>
</if>
<var name="${product}">Sauce Labs Bike Light</var>
<status status="PASS" start="2025-11-24T01:11:39.372500" elapsed="1.222940"/>
</iter>
<iter>
<kw name="Run Keyword And Return Status" owner="BuiltIn">
<kw name="Element Should Be Visible" owner="SeleniumLibrary">
<msg time="2025-11-24T01:11:40.846795" level="INFO">Element 'xpath=//div[text()="Sauce Labs Bolt T-Shirt"]' is displayed.</msg>
<arg>xpath=//div[text()="${product}"]</arg>
<doc>Verifies that the element identified by ``locator`` is visible.</doc>
<status status="PASS" start="2025-11-24T01:11:40.597554" elapsed="0.250719"/>
</kw>
<msg time="2025-11-24T01:11:40.850459" level="INFO">${product_present} = True</msg>
<var>${product_present}</var>
<arg>Element Should Be Visible</arg>
<arg>xpath=//div[text()="${product}"]</arg>
<doc>Runs the given keyword with given arguments and returns the status as a Boolean value.</doc>
<status status="PASS" start="2025-11-24T01:11:40.597065" elapsed="0.254799"/>
</kw>
<if>
<branch type="IF" condition="${product_present}">
<kw name="Click Element" owner="SeleniumLibrary">
<msg time="2025-11-24T01:11:40.856282" level="INFO">Clicking element 'xpath=//div[text()="Sauce Labs Bolt T-Shirt"]'.</msg>
<arg>xpath=//div[text()="${product}"]</arg>
<doc>Click the element identified by ``locator``.</doc>
<status status="PASS" start="2025-11-24T01:11:40.855301" elapsed="0.270440"/>
</kw>
<kw name="Click Element" owner="SeleniumLibrary">
<msg time="2025-11-24T01:11:41.127559" level="INFO">Clicking element 'id=add-to-cart'.</msg>
<arg>id=add-to-cart</arg>
<doc>Click the element identified by ``locator``.</doc>
<status status="PASS" start="2025-11-24T01:11:41.127028" elapsed="0.266461"/>
</kw>
<kw name="Click Element" owner="SeleniumLibrary">
<msg time="2025-11-24T01:11:41.395241" level="INFO">Clicking element 'id=back-to-products'.</msg>
<arg>id=back-to-products</arg>
<doc>Click the element identified by ``locator``.</doc>
<status status="PASS" start="2025-11-24T01:11:41.394711" elapsed="0.271171"/>
</kw>
<status status="PASS" start="2025-11-24T01:11:40.854423" elapsed="0.813553"/>
</branch>
<status status="PASS" start="2025-11-24T01:11:40.854375" elapsed="0.815587"/>
</if>
<var name="${product}">Sauce Labs Bolt T-Shirt</var>
<status status="PASS" start="2025-11-24T01:11:40.596630" elapsed="1.073391"/>
</iter>
<var>${product}</var>
<value>@{products}</value>
<status status="PASS" start="2025-11-24T01:11:38.304458" elapsed="3.367350"/>
</for>
<kw name="Log" owner="BuiltIn">
<msg time="2025-11-24T01:11:41.674600" level="INFO">Added all selected products to cart</msg>
<arg>Added all selected products to cart</arg>
<doc>Logs the given message with the given level.</doc>
<status status="PASS" start="2025-11-24T01:11:41.673790" elapsed="0.002168"/>
</kw>
<arg>@{PRODUCTS}</arg>
<status status="PASS" start="2025-11-24T01:11:38.303806" elapsed="3.374116"/>
</kw>
<kw name="Check And Act" owner="keywords">
<kw name="Run Keyword And Return Status" owner="BuiltIn">
<kw name="Element Should Be Visible" owner="SeleniumLibrary">
<msg time="2025-11-24T01:11:41.936694" level="INFO">Element 'xpath=//span[@data-test="shopping-cart-badge"]' is displayed.</msg>
<arg>xpath=//span[@data-test="shopping-cart-badge"]</arg>
<doc>Verifies that the element identified by ``locator`` is visible.</doc>
<status status="PASS" start="2025-11-24T01:11:41.680939" elapsed="0.257057"/>
</kw>
<msg time="2025-11-24T01:11:41.939954" level="INFO">${cart_badge_present} = True</msg>
<var>${cart_badge_present}</var>
<arg>Element Should Be Visible</arg>
<arg>xpath=//span[@data-test="shopping-cart-badge"]</arg>
<doc>Runs the given keyword with given arguments and returns the status as a Boolean value.</doc>
<status status="PASS" start="2025-11-24T01:11:41.680097" elapsed="0.261041"/>
</kw>
<kw name="Set Variable" owner="BuiltIn">
<msg time="2025-11-24T01:11:41.943180" level="INFO">${ITEM_COUNT} = 0</msg>
<var>${ITEM_COUNT}</var>
<arg>0</arg>
<doc>Returns the given values which can then be assigned to a variables.</doc>
<status status="PASS" start="2025-11-24T01:11:41.942675" elapsed="0.001187"/>
</kw>
<if>
<branch type="IF" condition="${cart_badge_present}">
<kw name="Get Text" owner="SeleniumLibrary">
<msg time="2025-11-24T01:11:42.182890" level="INFO">${ITEM_COUNT} = 3</msg>
<var>${ITEM_COUNT}</var>
<arg>xpath=//span[@data-test="shopping-cart-badge"]</arg>
<doc>Returns the text value of the element identified by ``locator``.</doc>
<status status="PASS" start="2025-11-24T01:11:41.945351" elapsed="0.238853"/>
</kw>
<status status="PASS" start="2025-11-24T01:11:41.944937" elapsed="0.241110"/>
</branch>
<status status="PASS" start="2025-11-24T01:11:41.944913" elapsed="0.242398"/>
</if>
<kw name="Convert To Integer" owner="BuiltIn">
<msg time="2025-11-24T01:11:42.188294" level="INFO">${ITEM_COUNT} = 3</msg>
<var>${ITEM_COUNT}</var>
<arg>${ITEM_COUNT}</arg>
<doc>Converts the given item to an integer number.</doc>
<status status="PASS" start="2025-11-24T01:11:42.187508" elapsed="0.001827"/>
</kw>
<kw name="Get Length" owner="BuiltIn">
<msg time="2025-11-24T01:11:42.192552" level="INFO">Length is 3.</msg>
<msg time="2025-11-24T01:11:42.194267" level="INFO">${PLANNED_COUNT} = 3</msg>
<var>${PLANNED_COUNT}</var>
<arg>${products}</arg>
<doc>Returns and logs the length of the given item as an integer.</doc>
<status status="PASS" start="2025-11-24T01:11:42.190805" elapsed="0.004794"/>
</kw>
<if>
<branch type="IF" condition="${ITEM_COUNT} == ${PLANNED_COUNT}">
<kw name="Buy Products" owner="keywords">
<kw name="Click Element" owner="SeleniumLibrary">
<msg time="2025-11-24T01:11:42.199585" level="INFO">Clicking element 'id=shopping_cart_container'.</msg>
<arg>id=shopping_cart_container</arg>
<doc>Click the element identified by ``locator``.</doc>
<status status="PASS" start="2025-11-24T01:11:42.199051" elapsed="0.268103"/>
</kw>
<kw name="Click Element" owner="SeleniumLibrary">
<msg time="2025-11-24T01:11:42.473846" level="INFO">Clicking element 'id=checkout'.</msg>
<arg>id=checkout</arg>
<doc>Click the element identified by ``locator``.</doc>
<status status="PASS" start="2025-11-24T01:11:42.472865" elapsed="0.305105"/>
</kw>
<kw name="Input Text" owner="SeleniumLibrary">
<msg time="2025-11-24T01:11:42.780074" level="INFO">Typing text 'Madiyar' into text field 'id=first-name'.</msg>
<arg>id=first-name</arg>
<arg>${FIRST_NAME}</arg>
<doc>Types the given ``text`` into the text field identified by ``locator``.</doc>
<status status="PASS" start="2025-11-24T01:11:42.779446" elapsed="0.390449"/>
</kw>
<kw name="Input Text" owner="SeleniumLibrary">
<msg time="2025-11-24T01:11:43.173261" level="INFO">Typing text 'Kuralov' into text field 'id=last-name'.</msg>
<arg>id=last-name</arg>
<arg>${LAST_NAME}</arg>
<doc>Types the given ``text`` into the text field identified by ``locator``.</doc>
<status status="PASS" start="2025-11-24T01:11:43.172211" elapsed="0.415820"/>
</kw>
<kw name="Input Text" owner="SeleniumLibrary">
<msg time="2025-11-24T01:11:43.590491" level="INFO">Typing text '1234' into text field 'id=postal-code'.</msg>
<arg>id=postal-code</arg>
<arg>${CODE}</arg>
<doc>Types the given ``text`` into the text field identified by ``locator``.</doc>
<status status="PASS" start="2025-11-24T01:11:43.589665" elapsed="0.388661"/>
</kw>
<kw name="Click Element" owner="SeleniumLibrary">
<msg time="2025-11-24T01:11:43.981262" level="INFO">Clicking element 'id=continue'.</msg>
<arg>id=continue</arg>
<doc>Click the element identified by ``locator``.</doc>
<status status="PASS" start="2025-11-24T01:11:43.980702" elapsed="0.285677"/>
</kw>
<kw name="Click Element" owner="SeleniumLibrary">
<msg time="2025-11-24T01:11:44.269690" level="INFO">Clicking element 'id=finish'.</msg>
<arg>id=finish</arg>
<doc>Click the element identified by ``locator``.</doc>
<status status="PASS" start="2025-11-24T01:11:44.268725" elapsed="0.261914"/>
</kw>
<kw name="Click Element" owner="SeleniumLibrary">
<msg time="2025-11-24T01:11:44.533607" level="INFO">Clicking element 'id=back-to-products'.</msg>
<arg>id=back-to-products</arg>
<doc>Click the element identified by ``locator``.</doc>
<status status="PASS" start="2025-11-24T01:11:44.532765" elapsed="0.277831"/>
</kw>
<status status="PASS" start="2025-11-24T01:11:42.198383" elapsed="2.614213"/>
</kw>
<status status="PASS" start="2025-11-24T01:11:42.197364" elapsed="2.617004"/>
</branch>
<branch type="ELSE">
<kw name="Clear Cart" owner="keywords">
<status status="NOT RUN" start="2025-11-24T01:11:44.817323" elapsed="0.000643"/>
</kw>
<status status="NOT RUN" start="2025-11-24T01:11:44.816476" elapsed="0.003463"/>
</branch>
<status status="PASS" start="2025-11-24T01:11:42.197267" elapsed="2.624725"/>
</if>
<arg>@{PRODUCTS}</arg>
<status status="PASS" start="2025-11-24T01:11:41.678940" elapsed="3.143164"/>
</kw>
<kw name="Sleep" owner="BuiltIn">
<msg time="2025-11-24T01:11:45.825057" level="INFO">Slept 1 second.</msg>
<arg>1s</arg>
<doc>Pauses the test executed for the given time.</doc>
<status status="PASS" start="2025-11-24T01:11:44.823140" elapsed="1.002847"/>
</kw>
<kw name="Close Browser" owner="keywords">
<kw name="Close All Browsers" owner="SeleniumLibrary">
<doc>Closes all open browsers and resets the browser cache.</doc>
<status status="PASS" start="2025-11-24T01:11:45.827337" elapsed="1.143751"/>
</kw>
<status status="PASS" start="2025-11-24T01:11:45.826724" elapsed="1.146245"/>
</kw>
<status status="PASS" start="2025-11-24T01:11:22.945851" elapsed="24.027979"/>
</test>
<status status="PASS" start="2025-11-24T01:11:22.901542" elapsed="24.073758"/>
</suite>
<suite id="s1-s7" name="ClearCart Windows, 11, Chrome, latest" source="C:\Users\Acer\PycharmProjects\Testing\Assignment_2\testCases\ClearCart.robot">
<test id="s1-s7-t1" name="Clear Cart If Not Enough Products" line="5">
<kw name="Open Browser To SauceDemo" owner="keywords">
<kw name="Open Browser" owner="SeleniumLibrary">
<msg time="2025-11-24T01:11:26.709210" level="INFO">Opening browser 'Chrome' to base url 'https://www.saucedemo.com/'.</msg>
<msg time="2025-11-24T01:11:26.777055" level="WARN">The chromedriver version (141.0.7390.78) detected in PATH at C:\Users\Acer\PycharmProjects\Testing\chromedriver-win64\chromedriver.exe might not be compatible with the detected chrome version (142.0.7444.176); currently, chromedriver 142.0.7444.175 is recommended for chrome 142.*, so it is advised to delete the driver in PATH and retry</msg>
<msg time="2025-11-24T01:11:26.780071" level="INFO">Completed setup!</msg>
<arg>${BASE_URL}</arg>
<arg>${BROWSER}</arg>
<doc>Opens a new browser instance to the optional ``url``.</doc>
<status status="PASS" start="2025-11-24T01:11:26.708635" elapsed="6.637880"/>
</kw>
<kw name="Maximize Browser Window" owner="SeleniumLibrary">
<doc>Maximizes current browser window.</doc>
<status status="PASS" start="2025-11-24T01:11:33.348134" elapsed="0.317828"/>
</kw>
<status status="PASS" start="2025-11-24T01:11:26.707621" elapsed="6.959464"/>
</kw>
<kw name="Login" owner="keywords">
<kw name="Input Text" owner="SeleniumLibrary">
<msg time="2025-11-24T01:11:33.669238" level="INFO">Typing text 'standard_user' into text field 'xpath=//input[@id="user-name"]'.</msg>
<arg>xpath=//input[@id="user-name"]</arg>
<arg>${USERNAME}</arg>
<doc>Types the given ``text`` into the text field identified by ``locator``.</doc>
<status status="PASS" start="2025-11-24T01:11:33.668287" elapsed="0.747191"/>
</kw>
<kw name="Input Text" owner="SeleniumLibrary">
<msg time="2025-11-24T01:11:34.417321" level="INFO">Typing text 'secret_sauce' into text field 'xpath=//input[@id="password"]'.</msg>
<arg>xpath=//input[@id="password"]</arg>
<arg>${PASSWORD}</arg>
<doc>Types the given ``text`` into the text field identified by ``locator``.</doc>
<status status="PASS" start="2025-11-24T01:11:34.416754" elapsed="0.547294"/>
</kw>
<kw name="Click Element" owner="SeleniumLibrary">
<msg time="2025-11-24T01:11:34.965741" level="INFO">Clicking element 'xpath=//input[@id="login-button"]'.</msg>
<arg>xpath=//input[@id="login-button"]</arg>
<doc>Click the element identified by ``locator``.</doc>
<status status="PASS" start="2025-11-24T01:11:34.965233" elapsed="0.932168"/>
</kw>
<status status="PASS" start="2025-11-24T01:11:33.667650" elapsed="2.230809"/>
</kw>
<kw name="Add Products To Cart" owner="keywords">
<for flavor="IN">
<iter>
<kw name="Run Keyword And Return Status" owner="BuiltIn">
<kw name="Element Should Be Visible" owner="SeleniumLibrary">
<msg time="2025-11-24T01:11:36.261556" level="INFO">Element 'xpath=//div[text()="Sauce Labs Backpack"]' is displayed.</msg>
<arg>xpath=//div[text()="${product}"]</arg>
<doc>Verifies that the element identified by ``locator`` is visible.</doc>
<status status="PASS" start="2025-11-24T01:11:35.900932" elapsed="0.361476"/>
</kw>
<msg time="2025-11-24T01:11:36.264399" level="INFO">${product_present} = True</msg>
<var>${product_present}</var>
<arg>Element Should Be Visible</arg>
<arg>xpath=//div[text()="${product}"]</arg>
<doc>Runs the given keyword with given arguments and returns the status as a Boolean value.</doc>
<status status="PASS" start="2025-11-24T01:11:35.900471" elapsed="0.364607"/>
</kw>
<if>
<branch type="IF" condition="${product_present}">
<kw name="Click Element" owner="SeleniumLibrary">
<msg time="2025-11-24T01:11:36.267077" level="INFO">Clicking element 'xpath=//div[text()="Sauce Labs Backpack"]'.</msg>
<arg>xpath=//div[text()="${product}"]</arg>
<doc>Click the element identified by ``locator``.</doc>
<status status="PASS" start="2025-11-24T01:11:36.266566" elapsed="0.477115"/>
</kw>
<kw name="Click Element" owner="SeleniumLibrary">
<msg time="2025-11-24T01:11:36.745270" level="INFO">Clicking element 'id=add-to-cart'.</msg>
<msg time="2025-11-24T01:11:39.506747" level="INFO" html="true">&lt;/td&gt;&lt;/tr&gt;&lt;tr&gt;&lt;td colspan="3"&gt;&lt;a href="20251124_011037-6-selenium-screenshot-1.png"&gt;&lt;img src="20251124_011037-6-selenium-screenshot-1.png" width="800px"&gt;&lt;/a&gt;</msg>
<msg time="2025-11-24T01:11:39.506966" level="FAIL">Element with locator 'id=add-to-cart' not found.</msg>
<arg>id=add-to-cart</arg>
<doc>Click the element identified by ``locator``.</doc>
<status status="FAIL" start="2025-11-24T01:11:36.744779" elapsed="2.765009">Element with locator 'id=add-to-cart' not found.</status>
</kw>
<kw name="Click Element" owner="SeleniumLibrary">
<arg>id=back-to-products</arg>
<doc>Click the element identified by ``locator``.</doc>
<status status="NOT RUN" start="2025-11-24T01:11:39.511511" elapsed="0.000442"/>
</kw>
<status status="FAIL" start="2025-11-24T01:11:36.266131" elapsed="3.247252">Element with locator 'id=add-to-cart' not found.</status>
</branch>
<status status="FAIL" start="2025-11-24T01:11:36.266096" elapsed="3.248320">Element with locator 'id=add-to-cart' not found.</status>
</if>
<var name="${product}">Sauce Labs Backpack</var>
<status status="FAIL" start="2025-11-24T01:11:35.900104" elapsed="3.614383">Element with locator 'id=add-to-cart' not found.</status>
</iter>
<var>${product}</var>
<value>@{products}</value>
<status status="FAIL" start="2025-11-24T01:11:35.899647" elapsed="3.615862">Element with locator 'id=add-to-cart' not found.</status>
</for>
<kw name="Log" owner="BuiltIn">
<arg>Added all selected products to cart</arg>
<doc>Logs the given message with the given level.</doc>
<status status="NOT RUN" start="2025-11-24T01:11:39.516566" elapsed="0.000368"/>
</kw>
<arg>@{PRODUCTS_2}</arg>
<status status="FAIL" start="2025-11-24T01:11:35.899055" elapsed="3.618913">Element with locator 'id=add-to-cart' not found.</status>
</kw>
<kw name="Check And Act" owner="keywords">
<arg>@{PRODUCTS_2}</arg>
<status status="NOT RUN" start="2025-11-24T01:11:39.518565" elapsed="0.000425"/>
</kw>
<kw name="Sleep" owner="BuiltIn">
<arg>1s</arg>
<doc>Pauses the test executed for the given time.</doc>
<status status="NOT RUN" start="2025-11-24T01:11:39.519481" elapsed="0.000397"/>
</kw>
<kw name="Close Browser" owner="keywords">
<status status="NOT RUN" start="2025-11-24T01:11:39.520405" elapsed="0.000431"/>
</kw>
<status status="FAIL" start="2025-11-24T01:11:26.705690" elapsed="12.815761">Element with locator 'id=add-to-cart' not found.</status>
</test>
<status status="FAIL" start="2025-11-24T01:11:26.662981" elapsed="13.652081"/>
</suite>
<suite id="s1-s8" name="ClearCart Windows, 11, Firefox, latest" source="C:\Users\Acer\PycharmProjects\Testing\Assignment_2\testCases\ClearCart.robot">
<test id="s1-s8-t1" name="Clear Cart If Not Enough Products" line="5">
<kw name="Open Browser To SauceDemo" owner="keywords">
<kw name="Open Browser" owner="SeleniumLibrary">
<msg time="2025-11-24T01:11:48.701387" level="INFO">Opening browser 'Chrome' to base url 'https://www.saucedemo.com/'.</msg>
<msg time="2025-11-24T01:11:48.773860" level="WARN">The chromedriver version (141.0.7390.78) detected in PATH at C:\Users\Acer\PycharmProjects\Testing\chromedriver-win64\chromedriver.exe might not be compatible with the detected chrome version (142.0.7444.176); currently, chromedriver 142.0.7444.175 is recommended for chrome 142.*, so it is advised to delete the driver in PATH and retry</msg>
<msg time="2025-11-24T01:11:48.777413" level="INFO">Completed setup!</msg>
<arg>${BASE_URL}</arg>
<arg>${BROWSER}</arg>
<doc>Opens a new browser instance to the optional ``url``.</doc>
<status status="PASS" start="2025-11-24T01:11:48.700743" elapsed="19.629553"/>
</kw>
<kw name="Maximize Browser Window" owner="SeleniumLibrary">
<doc>Maximizes current browser window.</doc>
<status status="PASS" start="2025-11-24T01:12:08.331606" elapsed="0.510050"/>
</kw>
<status status="PASS" start="2025-11-24T01:11:48.699501" elapsed="20.143288"/>
</kw>
<kw name="Login" owner="keywords">
<kw name="Input Text" owner="SeleniumLibrary">
<msg time="2025-11-24T01:12:08.844944" level="INFO">Typing text 'standard_user' into text field 'xpath=//input[@id="user-name"]'.</msg>
<arg>xpath=//input[@id="user-name"]</arg>
<arg>${USERNAME}</arg>
<doc>Types the given ``text`` into the text field identified by ``locator``.</doc>
<status status="PASS" start="2025-11-24T01:12:08.843979" elapsed="0.494375"/>
</kw>
<kw name="Input Text" owner="SeleniumLibrary">
<msg time="2025-11-24T01:12:09.340113" level="INFO">Typing text 'secret_sauce' into text field 'xpath=//input[@id="password"]'.</msg>
<arg>xpath=//input[@id="password"]</arg>
<arg>${PASSWORD}</arg>
<doc>Types the given ``text`` into the text field identified by ``locator``.</doc>
<status status="PASS" start="2025-11-24T01:12:09.339554" elapsed="0.448793"/>
</kw>
<kw name="Click Element" owner="SeleniumLibrary">
<msg time="2025-11-24T01:12:09.790004" level="INFO">Clicking element 'xpath=//input[@id="login-button"]'.</msg>
<arg>xpath=//input[@id="login-button"]</arg>
<doc>Click the element identified by ``locator``.</doc>
<status status="PASS" start="2025-11-24T01:12:09.789500" elapsed="0.430089"/>
</kw>
<status status="PASS" start="2025-11-24T01:12:08.843356" elapsed="1.377319"/>
</kw>
<kw name="Add Products To Cart" owner="keywords">
<for flavor="IN">
<iter>
<kw name="Run Keyword And Return Status" owner="BuiltIn">
<kw name="Element Should Be Visible" owner="SeleniumLibrary">
<msg time="2025-11-24T01:12:10.491317" level="INFO">Element 'xpath=//div[text()="Sauce Labs Backpack"]' is displayed.</msg>
<arg>xpath=//div[text()="${product}"]</arg>
<doc>Verifies that the element identified by ``locator`` is visible.</doc>
<status status="PASS" start="2025-11-24T01:12:10.223142" elapsed="0.268929"/>
</kw>
<msg time="2025-11-24T01:12:10.493195" level="INFO">${product_present} = True</msg>
<var>${product_present}</var>
<arg>Element Should Be Visible</arg>
<arg>xpath=//div[text()="${product}"]</arg>
<doc>Runs the given keyword with given arguments and returns the status as a Boolean value.</doc>
<status status="PASS" start="2025-11-24T01:12:10.222693" elapsed="0.271160"/>
</kw>
<if>
<branch type="IF" condition="${product_present}">
<kw name="Click Element" owner="SeleniumLibrary">
<msg time="2025-11-24T01:12:10.495869" level="INFO">Clicking element 'xpath=//div[text()="Sauce Labs Backpack"]'.</msg>
<arg>xpath=//div[text()="${product}"]</arg>
<doc>Click the element identified by ``locator``.</doc>
[...]
</kw>
<status status="PASS" start="2025-11-24T01:12:24.175920" elapsed="1.253532"/>
</kw>
<status status="PASS" start="2025-11-24T01:11:53.334442" elapsed="32.095625"/>
</test>
<status status="PASS" start="2025-11-24T01:11:53.288302" elapsed="32.142829"/>
</suite>
<suite id="s1-s10" name="Login Logout Windows, 11, Chrome, latest" source="C:\Users\Acer\PycharmProjects\Testing\Assignment_2\testCases\login_logout.robot">
<test id="s1-s10-t1" name="Login and Logout on SauceDemo" line="5">
<kw name="Open Browser To SauceDemo" owner="keywords">
<kw name="Open Browser" owner="SeleniumLibrary">
<msg time="2025-11-24T01:12:14.344154" level="INFO">Opening browser 'Chrome' to base url 'https://www.saucedemo.com/'.</msg>
<msg time="2025-11-24T01:12:14.412903" level="WARN">The chromedriver version (141.0.7390.78) detected in PATH at C:\Users\Acer\PycharmProjects\Testing\chromedriver-win64\chromedriver.exe might not be compatible with the detected chrome version (142.0.7444.176); currently, chromedriver 142.0.7444.175 is recommended for chrome 142.*, so it is advised to delete the driver in PATH and retry</msg>
<msg time="2025-11-24T01:12:14.416900" level="INFO">Completed setup!</msg>
<arg>${BASE_URL}</arg>
<arg>${BROWSER}</arg>
<doc>Opens a new browser instance to the optional ``url``.</doc>
<status status="PASS" start="2025-11-24T01:12:14.343562" elapsed="8.184688"/>
</kw>
<kw name="Maximize Browser Window" owner="SeleniumLibrary">
<doc>Maximizes current browser window.</doc>
<status status="PASS" start="2025-11-24T01:12:22.529633" elapsed="0.316760"/>
</kw>
<status status="PASS" start="2025-11-24T01:12:14.342514" elapsed="8.505999"/>
</kw>
<kw name="Login" owner="keywords">
<kw name="Input Text" owner="SeleniumLibrary">
<msg time="2025-11-24T01:12:22.851792" level="INFO">Typing text 'standard_user' into text field 'xpath=//input[@id="user-name"]'.</msg>
<arg>xpath=//input[@id="user-name"]</arg>
<arg>${USERNAME}</arg>
<doc>Types the given ``text`` into the text field identified by ``locator``.</doc>
<status status="PASS" start="2025-11-24T01:12:22.850670" elapsed="1.102228"/>
</kw>
<kw name="Input Text" owner="SeleniumLibrary">
<msg time="2025-11-24T01:12:23.956126" level="INFO">Typing text 'secret_sauce' into text field 'xpath=//input[@id="password"]'.</msg>
<arg>xpath=//input[@id="password"]</arg>
<arg>${PASSWORD}</arg>
<doc>Types the given ``text`` into the text field identified by ``locator``.</doc>
<status status="PASS" start="2025-11-24T01:12:23.955021" elapsed="0.556258"/>
</kw>
<kw name="Click Element" owner="SeleniumLibrary">
<msg time="2025-11-24T01:12:24.514220" level="INFO">Clicking element 'xpath=//input[@id="login-button"]'.</msg>
<arg>xpath=//input[@id="login-button"]</arg>
<doc>Click the element identified by ``locator``.</doc>
<status status="PASS" start="2025-11-24T01:12:24.513343" elapsed="0.843532"/>
</kw>
<status status="PASS" start="2025-11-24T01:12:22.849590" elapsed="2.509482"/>
</kw>
<kw name="Logout" owner="keywords">
<kw name="Click Button" owner="SeleniumLibrary">
<msg time="2025-11-24T01:12:25.361962" level="INFO">Clicking button 'xpath=//button[@id="react-burger-menu-btn"]'.</msg>
<arg>xpath=//button[@id="react-burger-menu-btn"]</arg>
<doc>Clicks the button identified by ``locator``.</doc>
<status status="PASS" start="2025-11-24T01:12:25.361093" elapsed="0.961706"/>
</kw>
<kw name="Sleep" owner="BuiltIn">
<msg time="2025-11-24T01:12:27.325009" level="INFO">Slept 1 second.</msg>
<arg>1s</arg>
<doc>Pauses the test executed for the given time.</doc>
<status status="PASS" start="2025-11-24T01:12:26.323965" elapsed="1.002382"/>
</kw>
<kw name="Click Element" owner="SeleniumLibrary">
<msg time="2025-11-24T01:12:27.329604" level="INFO">Clicking element 'xpath=//a[text()="Logout"]'.</msg>
<arg>xpath=//a[text()="Logout"]</arg>
<doc>Click the element identified by ``locator``.</doc>
<status status="PASS" start="2025-11-24T01:12:27.328649" elapsed="0.421043"/>
</kw>
<status status="PASS" start="2025-11-24T01:12:25.360055" elapsed="2.391508"/>
</kw>
<kw name="Close Browser" owner="keywords">
<kw name="Close All Browsers" owner="SeleniumLibrary">
<doc>Closes all open browsers and resets the browser cache.</doc>
<status status="PASS" start="2025-11-24T01:12:27.752741" elapsed="0.931849"/>
</kw>
<status status="PASS" start="2025-11-24T01:12:27.752082" elapsed="0.933604"/>
</kw>
<status status="PASS" start="2025-11-24T01:12:14.340451" elapsed="14.345756"/>
</test>
<status status="PASS" start="2025-11-24T01:12:14.297091" elapsed="14.390104"/>
</suite>
<suite id="s1-s11" name="Login Logout Windows, 11, Firefox, latest" source="C:\Users\Acer\PycharmProjects\Testing\Assignment_2\testCases\login_logout.robot">
<test id="s1-s11-t1" name="Login and Logout on SauceDemo" line="5">
<kw name="Open Browser To SauceDemo" owner="keywords">
<kw name="Open Browser" owner="SeleniumLibrary">
<msg time="2025-11-24T01:12:25.431924" level="INFO">Opening browser 'Chrome' to base url 'https://www.saucedemo.com/'.</msg>
<msg time="2025-11-24T01:12:25.506171" level="WARN">The chromedriver version (141.0.7390.78) detected in PATH at C:\Users\Acer\PycharmProjects\Testing\chromedriver-win64\chromedriver.exe might not be compatible with the detected chrome version (142.0.7444.176); currently, chromedriver 142.0.7444.175 is recommended for chrome 142.*, so it is advised to delete the driver in PATH and retry</msg>
<msg time="2025-11-24T01:12:25.509224" level="INFO">Completed setup!</msg>
<arg>${BASE_URL}</arg>
<arg>${BROWSER}</arg>
<doc>Opens a new browser instance to the optional ``url``.</doc>
<status status="PASS" start="2025-11-24T01:12:25.431282" elapsed="26.087724"/>
</kw>
<kw name="Maximize Browser Window" owner="SeleniumLibrary">
<doc>Maximizes current browser window.</doc>
<status status="PASS" start="2025-11-24T01:12:51.520275" elapsed="0.560975"/>
</kw>
<status status="PASS" start="2025-11-24T01:12:25.430149" elapsed="26.652162"/>
</kw>
<kw name="Login" owner="keywords">
<kw name="Input Text" owner="SeleniumLibrary">
<msg time="2025-11-24T01:12:52.084034" level="INFO">Typing text 'standard_user' into text field 'xpath=//input[@id="user-name"]'.</msg>
<arg>xpath=//input[@id="user-name"]</arg>
<arg>${USERNAME}</arg>
<doc>Types the given ``text`` into the text field identified by ``locator``.</doc>
<status status="PASS" start="2025-11-24T01:12:52.083397" elapsed="0.538840"/>
</kw>
<kw name="Input Text" owner="SeleniumLibrary">
<msg time="2025-11-24T01:12:52.623937" level="INFO">Typing text 'secret_sauce' into text field 'xpath=//input[@id="password"]'.</msg>
<arg>xpath=//input[@id="password"]</arg>
<arg>${PASSWORD}</arg>
<doc>Types the given ``text`` into the text field identified by ``locator``.</doc>
<status status="PASS" start="2025-11-24T01:12:52.623405" elapsed="0.541640"/>
</kw>
<kw name="Click Element" owner="SeleniumLibrary">
<msg time="2025-11-24T01:12:53.166682" level="INFO">Clicking element 'xpath=//input[@id="login-button"]'.</msg>
<arg>xpath=//input[@id="login-button"]</arg>
<doc>Click the element identified by ``locator``.</doc>
<status status="PASS" start="2025-11-24T01:12:53.166186" elapsed="0.524633"/>
</kw>
<status status="PASS" start="2025-11-24T01:12:52.082829" elapsed="1.609119"/>
</kw>
<kw name="Logout" owner="keywords">
<kw name="Click Button" owner="SeleniumLibrary">
<msg time="2025-11-24T01:12:53.693534" level="INFO">Clicking button 'xpath=//button[@id="react-burger-menu-btn"]'.</msg>
<arg>xpath=//button[@id="react-burger-menu-btn"]</arg>
<doc>Clicks the button identified by ``locator``.</doc>
<status status="PASS" start="2025-11-24T01:12:53.693061" elapsed="1.023328"/>
</kw>
<kw name="Sleep" owner="BuiltIn">
<msg time="2025-11-24T01:12:55.718352" level="INFO">Slept 1 second.</msg>
<arg>1s</arg>
<doc>Pauses the test executed for the given time.</doc>
<status status="PASS" start="2025-11-24T01:12:54.717519" elapsed="1.001663"/>
</kw>
<kw name="Click Element" owner="SeleniumLibrary">
<msg time="2025-11-24T01:12:55.720882" level="INFO">Clicking element 'xpath=//a[text()="Logout"]'.</msg>
<arg>xpath=//a[text()="Logout"]</arg>
<doc>Click the element identified by ``locator``.</doc>
<status status="PASS" start="2025-11-24T01:12:55.720308" elapsed="0.380345"/>
</kw>
<status status="PASS" start="2025-11-24T01:12:53.692489" elapsed="2.409279"/>
</kw>
<kw name="Close Browser" owner="keywords">
<kw name="Close All Browsers" owner="SeleniumLibrary">
<doc>Closes all open browsers and resets the browser cache.</doc>
<status status="PASS" start="2025-11-24T01:12:56.102851" elapsed="1.019504"/>
</kw>
<status status="PASS" start="2025-11-24T01:12:56.102293" elapsed="1.021114"/>
</kw>
<status status="PASS" start="2025-11-24T01:12:25.427119" elapsed="31.696765"/>
</test>
<status status="PASS" start="2025-11-24T01:12:25.378698" elapsed="31.746103"/>
</suite>
<suite id="s1-s12" name="Login Logout OS X, Sonoma, Safari, latest" source="C:\Users\Acer\PycharmProjects\Testing\Assignment_2\testCases\login_logout.robot">
<test id="s1-s12-t1" name="Login and Logout on SauceDemo" line="5">
<kw name="Open Browser To SauceDemo" owner="keywords">
<kw name="Open Browser" owner="SeleniumLibrary">
<msg time="2025-11-24T01:12:31.554549" level="INFO">Opening browser 'Chrome' to base url 'https://www.saucedemo.com/'.</msg>
<msg time="2025-11-24T01:12:31.624074" level="WARN">The chromedriver version (141.0.7390.78) detected in PATH at C:\Users\Acer\PycharmProjects\Testing\chromedriver-win64\chromedriver.exe might not be compatible with the detected chrome version (142.0.7444.176); currently, chromedriver 142.0.7444.175 is recommended for chrome 142.*, so it is advised to delete the driver in PATH and retry</msg>
<msg time="2025-11-24T01:12:31.627881" level="INFO">Completed setup!</msg>
<arg>${BASE_URL}</arg>
<arg>${BROWSER}</arg>
<doc>Opens a new browser instance to the optional ``url``.</doc>
<status status="PASS" start="2025-11-24T01:12:31.553933" elapsed="13.909590"/>
</kw>
<kw name="Maximize Browser Window" owner="SeleniumLibrary">
<doc>Maximizes current browser window.</doc>
<status status="PASS" start="2025-11-24T01:12:45.465050" elapsed="0.140260"/>
</kw>
<status status="PASS" start="2025-11-24T01:12:31.552874" elapsed="14.054101"/>
</kw>
<kw name="Login" owner="keywords">
<kw name="Input Text" owner="SeleniumLibrary">
<msg time="2025-11-24T01:12:45.609015" level="INFO">Typing text 'standard_user' into text field 'xpath=//input[@id="user-name"]'.</msg>
<arg>xpath=//input[@id="user-name"]</arg>
<arg>${USERNAME}</arg>
<doc>Types the given ``text`` into the text field identified by ``locator``.</doc>
<status status="PASS" start="2025-11-24T01:12:45.608123" elapsed="0.418067"/>
</kw>
<kw name="Input Text" owner="SeleniumLibrary">
<msg time="2025-11-24T01:12:46.027981" level="INFO">Typing text 'secret_sauce' into text field 'xpath=//input[@id="password"]'.</msg>
<arg>xpath=//input[@id="password"]</arg>
<arg>${PASSWORD}</arg>
<doc>Types the given ``text`` into the text field identified by ``locator``.</doc>
<status status="PASS" start="2025-11-24T01:12:46.027392" elapsed="0.403782"/>
</kw>
<kw name="Click Element" owner="SeleniumLibrary">
<msg time="2025-11-24T01:12:46.432823" level="INFO">Clicking element 'xpath=//input[@id="login-button"]'.</msg>
<arg>xpath=//input[@id="login-button"]</arg>
<doc>Click the element identified by ``locator``.</doc>
<status status="PASS" start="2025-11-24T01:12:46.432334" elapsed="0.251966"/>
</kw>
<status status="PASS" start="2025-11-24T01:12:45.607525" elapsed="1.078027"/>
</kw>
<kw name="Logout" owner="keywords">
<kw name="Click Button" owner="SeleniumLibrary">
<msg time="2025-11-24T01:12:46.687320" level="INFO">Clicking button 'xpath=//button[@id="react-burger-menu-btn"]'.</msg>
<arg>xpath=//button[@id="react-burger-menu-btn"]</arg>
<doc>Clicks the button identified by ``locator``.</doc>
<status status="PASS" start="2025-11-24T01:12:46.686850" elapsed="0.586344"/>
</kw>
<kw name="Sleep" owner="BuiltIn">
<msg time="2025-11-24T01:12:48.275414" level="INFO">Slept 1 second.</msg>
<arg>1s</arg>
<doc>Pauses the test executed for the given time.</doc>
<status status="PASS" start="2025-11-24T01:12:47.274365" elapsed="1.001848"/>
</kw>
<kw name="Click Element" owner="SeleniumLibrary">
<msg time="2025-11-24T01:12:48.277863" level="INFO">Clicking element 'xpath=//a[text()="Logout"]'.</msg>
<arg>xpath=//a[text()="Logout"]</arg>
<doc>Click the element identified by ``locator``.</doc>
<status status="PASS" start="2025-11-24T01:12:48.277362" elapsed="0.246699"/>
</kw>
<status status="PASS" start="2025-11-24T01:12:46.686144" elapsed="1.839009"/>
</kw>
<kw name="Close Browser" owner="keywords">
<kw name="Close All Browsers" owner="SeleniumLibrary">
<doc>Closes all open browsers and resets the browser cache.</doc>
<status status="PASS" start="2025-11-24T01:12:48.526215" elapsed="1.201864"/>
</kw>
<status status="PASS" start="2025-11-24T01:12:48.525659" elapsed="1.203500"/>
</kw>
<status status="PASS" start="2025-11-24T01:12:31.550950" elapsed="18.178696"/>
</test>
<status status="PASS" start="2025-11-24T01:12:31.507626" elapsed="18.222939"/>
</suite>
<doc>[https://pabot.org/?ref=log|Pabot] result from 12 executions.</doc>
<status status="FAIL" start="2025-11-24T01:10:41.303000" elapsed="135.821000"/>
</suite>
<statistics>
<total>
<stat pass="9" fail="3" skip="0">All Tests</stat>
</total>
<tag>
</tag>
<suite>
<stat name="Suites" id="s1" pass="9" fail="3" skip="0">Suites</stat>
<stat name="AddProducts Windows, 11, Chrome, latest" id="s1-s1" pass="0" fail="1" skip="0">Suites.AddProducts Windows, 11, Chrome, latest</stat>
<stat name="AddProducts Windows, 11, Firefox, latest" id="s1-s2" pass="1" fail="0" skip="0">Suites.AddProducts Windows, 11, Firefox, latest</stat>
<stat name="AddProducts OS X, Sonoma, Safari, latest" id="s1-s3" pass="1" fail="0" skip="0">Suites.AddProducts OS X, Sonoma, Safari, latest</stat>
<stat name="BuyProducts Windows, 11, Chrome, latest" id="s1-s4" pass="0" fail="1" skip="0">Suites.BuyProducts Windows, 11, Chrome, latest</stat>
<stat name="BuyProducts Windows, 11, Firefox, latest" id="s1-s5" pass="1" fail="0" skip="0">Suites.BuyProducts Windows, 11, Firefox, latest</stat>
<stat name="BuyProducts OS X, Sonoma, Safari, latest" id="s1-s6" pass="1" fail="0" skip="0">Suites.BuyProducts OS X, Sonoma, Safari, latest</stat>
<stat name="ClearCart Windows, 11, Chrome, latest" id="s1-s7" pass="0" fail="1" skip="0">Suites.ClearCart Windows, 11, Chrome, latest</stat>
<stat name="ClearCart Windows, 11, Firefox, latest" id="s1-s8" pass="1" fail="0" skip="0">Suites.ClearCart Windows, 11, Firefox, latest</stat>
<stat name="ClearCart OS X, Sonoma, Safari, latest" id="s1-s9" pass="1" fail="0" skip="0">Suites.ClearCart OS X, Sonoma, Safari, latest</stat>
<stat name="Login Logout Windows, 11, Chrome, latest" id="s1-s10" pass="1" fail="0" skip="0">Suites.Login Logout Windows, 11, Chrome, latest</stat>
<stat name="Login Logout Windows, 11, Firefox, latest" id="s1-s11" pass="1" fail="0" skip="0">Suites.Login Logout Windows, 11, Firefox, latest</stat>
<stat name="Login Logout OS X, Sonoma, Safari, latest" id="s1-s12" pass="1" fail="0" skip="0">Suites.Login Logout OS X, Sonoma, Safari, latest</stat>
</suite>
</statistics>
<errors>
<msg time="2025-11-24T01:10:43.773154" level="WARN">The chromedriver version (141.0.7390.78) detected in PATH at C:\Users\Acer\PycharmProjects\Testing\chromedriver-win64\chromedriver.exe might not be compatible with the detected chrome version (142.0.7444.176); currently, chromedriver 142.0.7444.175 is recommended for chrome 142.*, so it is advised to delete the driver in PATH and retry</msg>
<msg time="2025-11-24T01:10:43.129723" level="WARN">The chromedriver version (141.0.7390.78) detected in PATH at C:\Users\Acer\PycharmProjects\Testing\chromedriver-win64\chromedriver.exe might not be compatible with the detected chrome version (142.0.7444.176); currently, chromedriver 142.0.7444.175 is recommended for chrome 142.*, so it is advised to delete the driver in PATH and retry</msg>
<msg time="2025-11-24T01:10:43.188704" level="WARN">The chromedriver version (141.0.7390.78) detected in PATH at C:\Users\Acer\PycharmProjects\Testing\chromedriver-win64\chromedriver.exe might not be compatible with the detected chrome version (142.0.7444.176); currently, chromedriver 142.0.7444.175 is recommended for chrome 142.*, so it is advised to delete the driver in PATH and retry</msg>
<msg time="2025-11-24T01:11:05.868677" level="WARN">The chromedriver version (141.0.7390.78) detected in PATH at C:\Users\Acer\PycharmProjects\Testing\chromedriver-win64\chromedriver.exe might not be compatible with the detected chrome version (142.0.7444.176); currently, chromedriver 142.0.7444.175 is recommended for chrome 142.*, so it is advised to delete the driver in PATH and retry</msg>
<msg time="2025-11-24T01:11:10.394196" level="WARN">The chromedriver version (141.0.7390.78) detected in PATH at C:\Users\Acer\PycharmProjects\Testing\chromedriver-win64\chromedriver.exe might not be compatible with the detected chrome version (142.0.7444.176); currently, chromedriver 142.0.7444.175 is recommended for chrome 142.*, so it is advised to delete the driver in PATH and retry</msg>
<msg time="2025-11-24T01:11:23.018301" level="WARN">The chromedriver version (141.0.7390.78) detected in PATH at C:\Users\Acer\PycharmProjects\Testing\chromedriver-win64\chromedriver.exe might not be compatible with the detected chrome version (142.0.7444.176); currently, chromedriver 142.0.7444.175 is recommended for chrome 142.*, so it is advised to delete the driver in PATH and retry</msg>
<msg time="2025-11-24T01:11:26.777055" level="WARN">The chromedriver version (141.0.7390.78) detected in PATH at C:\Users\Acer\PycharmProjects\Testing\chromedriver-win64\chromedriver.exe might not be compatible with the detected chrome version (142.0.7444.176); currently, chromedriver 142.0.7444.175 is recommended for chrome 142.*, so it is advised to delete the driver in PATH and retry</msg>
<msg time="2025-11-24T01:11:48.773860" level="WARN">The chromedriver version (141.0.7390.78) detected in PATH at C:\Users\Acer\PycharmProjects\Testing\chromedriver-win64\chromedriver.exe might not be compatible with the detected chrome version (142.0.7444.176); currently, chromedriver 142.0.7444.175 is recommended for chrome 142.*, so it is advised to delete the driver in PATH and retry</msg>
<msg time="2025-11-24T01:11:53.415017" level="WARN">The chromedriver version (141.0.7390.78) detected in PATH at C:\Users\Acer\PycharmProjects\Testing\chromedriver-win64\chromedriver.exe might not be compatible with the detected chrome version (142.0.7444.176); currently, chromedriver 142.0.7444.175 is recommended for chrome 142.*, so it is advised to delete the driver in PATH and retry</msg>
<msg time="2025-11-24T01:12:14.412903" level="WARN">The chromedriver version (141.0.7390.78) detected in PATH at C:\Users\Acer\PycharmProjects\Testing\chromedriver-win64\chromedriver.exe might not be compatible with the detected chrome version (142.0.7444.176); currently, chromedriver 142.0.7444.175 is recommended for chrome 142.*, so it is advised to delete the driver in PATH and retry</msg>
<msg time="2025-11-24T01:12:25.506171" level="WARN">The chromedriver version (141.0.7390.78) detected in PATH at C:\Users\Acer\PycharmProjects\Testing\chromedriver-win64\chromedriver.exe might not be compatible with the detected chrome version (142.0.7444.176); currently, chromedriver 142.0.7444.175 is recommended for chrome 142.*, so it is advised to delete the driver in PATH and retry</msg>
<msg time="2025-11-24T01:12:31.624074" level="WARN">The chromedriver version (141.0.7390.78) detected in PATH at C:\Users\Acer\PycharmProjects\Testing\chromedriver-win64\chromedriver.exe might not be compatible with the detected chrome version (142.0.7444.176); currently, chromedriver 142.0.7444.175 is recommended for chrome 142.*, so it is advised to delete the driver in PATH and retry</msg>
</errors>
</robot>
