<robot generator="Robot 7.3.2 (Python 3.12.0 on win32)" generated="2025-11-24T14:12:52.164085" rpa="false" schemaversion="5">
<statistics>
<total>
<stat pass="1" fail="0" skip="0">All Tests</stat>
</total>
<tag>
</tag>
<suite>
<stat name="testCases" id="s1" pass="1" fail="0" skip="0">testCases</stat>
<stat name="AddProducts" id="s1-s1" pass="1" fail="0" skip="0">testCases.AddProducts</stat>
</suite>
</statistics>
<suite name="Suites" id="s0"><suite id="s1-s1" name="AddProducts OS X, Sonoma, Safari, latest" source="C:\Users\Acer\PycharmProjects\Testing\Assignment_2\testCases\AddProducts.robot">
<test id="s1-s1-t1" name="Add Selected Products To Cart" line="6">
<kw name="Open Browser To SauceDemo" owner="keywords">
<kw name="Open Browser" owner="SeleniumLibrary">
<msg time="2025-11-24T14:12:52.278836" level="INFO">Opening browser 'Chrome' to base url 'https://www.saucedemo.com/'.</msg>
<msg time="2025-11-24T14:13:01.173676" level="INFO">Completed setup!</msg>
<arg>${BASE_URL}</arg>
<arg>${BROWSER}</arg>
<doc>Opens a new browser instance to the optional ``url``.</doc>
<status status="PASS" start="2025-11-24T14:12:52.278836" elapsed="32.256286" />
</kw>
<kw name="Maximize Browser Window" owner="SeleniumLibrary">
<doc>Maximizes current browser window.</doc>
<status status="PASS" start="2025-11-24T14:13:24.537123" elapsed="0.134373" />
</kw>
<status status="PASS" start="2025-11-24T14:12:52.277798" elapsed="32.395734" />
</kw>
<kw name="Login" owner="keywords">
<kw name="Input Text" owner="SeleniumLibrary">
<msg time="2025-11-24T14:13:24.676529" level="INFO">Typing text 'standard_user' into text field 'xpath=//input[@id="user-name"]'.</msg>
<arg>xpath=//input[@id="user-name"]</arg>
<arg>${USERNAME}</arg>
<doc>Types the given ``text`` into the text field identified by ``locator``.</doc>
<status status="PASS" start="2025-11-24T14:13:24.675533" elapsed="0.385582" />
</kw>
<kw name="Input Text" owner="SeleniumLibrary">
<msg time="2025-11-24T14:13:25.062942" level="INFO">Typing text 'secret_sauce' into text field 'xpath=//input[@id="password"]'.</msg>
<arg>xpath=//input[@id="password"]</arg>
<arg>${PASSWORD}</arg>
<doc>Types the given ``text`` into the text field identified by ``locator``.</doc>
<status status="PASS" start="2025-11-24T14:13:25.061952" elapsed="0.411865" />
</kw>
<kw name="Click Element" owner="SeleniumLibrary">
<msg time="2025-11-24T14:13:25.475823" level="INFO">Clicking element 'xpath=//input[@id="login-button"]'.</msg>
<arg>xpath=//input[@id="login-button"]</arg>
<doc>Click the element identified by ``locator``.</doc>
<status status="PASS" start="2025-11-24T14:13:25.474829" elapsed="0.272699" />
</kw>
<status status="PASS" start="2025-11-24T14:13:24.674530" elapsed="1.075014" />
</kw>
<kw name="Add Products To Cart" owner="keywords">
<for flavor="IN">
<iter>
<kw name="Run Keyword And Return Status" owner="BuiltIn">
<kw name="Element Should Be Visible" owner="SeleniumLibrary">
<msg time="2025-11-24T14:13:25.992360" level="INFO">Element 'xpath=//div[text()="Sauce Labs Backpack"]' is displayed.</msg>
<arg>xpath=//div[text()="${product}"]</arg>
<doc>Verifies that the element identified by ``locator`` is visible.</doc>
<status status="PASS" start="2025-11-24T14:13:25.754496" elapsed="0.237864" />
</kw>
<msg time="2025-11-24T14:13:25.994952" level="INFO">${product_present} = True</msg>
<var>${product_present}</var>
<arg>Element Should Be Visible</arg>
<arg>xpath=//div[text()="${product}"]</arg>
<doc>Runs the given keyword with given arguments and returns the status as a Boolean value.</doc>
<status status="PASS" start="2025-11-24T14:13:25.753498" elapsed="0.242996" />
</kw>
<if>
<branch type="IF" condition="${product_present}">
<kw name="Click Element" owner="SeleniumLibrary">
<msg time="2025-11-24T14:13:25.999538" level="INFO">Clicking element 'xpath=//div[text()="Sauce Labs Backpack"]'.</msg>
<arg>xpath=//div[text()="${product}"]</arg>
<doc>Click the element identified by ``locator``.</doc>
<status status="PASS" start="2025-11-24T14:13:25.999538" elapsed="0.251290" />
</kw>
<kw name="Click Element" owner="SeleniumLibrary">
<msg time="2025-11-24T14:13:26.254793" level="INFO">Clicking element 'id=add-to-cart'.</msg>
<arg>id=add-to-cart</arg>
<doc>Click the element identified by ``locator``.</doc>
<status status="PASS" start="2025-11-24T14:13:26.253798" elapsed="0.244665" />
</kw>
<kw name="Click Element" owner="SeleniumLibrary">
<msg time="2025-11-24T14:13:26.500465" level="INFO">Clicking element 'id=back-to-products'.</msg>
<arg>id=back-to-products</arg>
<doc>Click the element identified by ``locator``.</doc>
<status status="PASS" start="2025-11-24T14:13:26.499465" elapsed="0.260926" />
</kw>
<status status="PASS" start="2025-11-24T14:13:25.998538" elapsed="0.763853" />
</branch>
<status status="PASS" start="2025-11-24T14:13:25.998538" elapsed="0.765852" />
</if>
<var name="${product}">Sauce Labs Backpack</var>
<status status="PASS" start="2025-11-24T14:13:25.752494" elapsed="1.011896" />
</iter>
<iter>
<kw name="Run Keyword And Return Status" owner="BuiltIn">
<kw name="Element Should Be Visible" owner="SeleniumLibrary">
<msg time="2025-11-24T14:13:27.004914" level="INFO">Element 'xpath=//div[text()="Sauce Labs Bike Light"]' is displayed.</msg>
<arg>xpath=//div[text()="${product}"]</arg>
<doc>Verifies that the element identified by ``locator`` is visible.</doc>
<status status="PASS" start="2025-11-24T14:13:26.766390" elapsed="0.238524" />
</kw>
<msg time="2025-11-24T14:13:27.005916" level="INFO">${product_present} = True</msg>
<var>${product_present}</var>
<arg>Element Should Be Visible</arg>
<arg>xpath=//div[text()="${product}"]</arg>
<doc>Runs the given keyword with given arguments and returns the status as a Boolean value.</doc>
<status status="PASS" start="2025-11-24T14:13:26.765389" elapsed="0.241526" />
</kw>
<if>
<branch type="IF" condition="${product_present}">
<kw name="Click Element" owner="SeleniumLibrary">
<msg time="2025-11-24T14:13:27.008914" level="INFO">Clicking element 'xpath=//div[text()="Sauce Labs Bike Light"]'.</msg>
<arg>xpath=//div[text()="${product}"]</arg>
<doc>Click the element identified by ``locator``.</doc>
<status status="PASS" start="2025-11-24T14:13:27.007915" elapsed="0.275356" />
</kw>
<kw name="Click Element" owner="SeleniumLibrary">
<msg time="2025-11-24T14:13:27.285303" level="INFO">Clicking element 'id=add-to-cart'.</msg>
<arg>id=add-to-cart</arg>
<doc>Click the element identified by ``locator``.</doc>
<status status="PASS" start="2025-11-24T14:13:27.285303" elapsed="0.253918" />
</kw>
<kw name="Click Element" owner="SeleniumLibrary">
<msg time="2025-11-24T14:13:27.542801" level="INFO">Clicking element 'id=back-to-products'.</msg>
<arg>id=back-to-products</arg>
<doc>Click the element identified by ``locator``.</doc>
<status status="PASS" start="2025-11-24T14:13:27.541258" elapsed="0.264918" />
</kw>
<status status="PASS" start="2025-11-24T14:13:27.007915" elapsed="0.800259" />
</branch>
<status status="PASS" start="2025-11-24T14:13:27.007915" elapsed="0.802259" />
</if>
<var name="${product}">Sauce Labs Bike Light</var>
<status status="PASS" start="2025-11-24T14:13:26.765389" elapsed="1.044785" />
</iter>
<iter>
<kw name="Run Keyword And Return Status" owner="BuiltIn">
<kw name="Element Should Be Visible" owner="SeleniumLibrary">
<msg time="2025-11-24T14:13:28.051877" level="INFO">Element 'xpath=//div[text()="Sauce Labs Bolt T-Shirt"]' is displayed.</msg>
<arg>xpath=//div[text()="${product}"]</arg>
<doc>Verifies that the element identified by ``locator`` is visible.</doc>
<status status="PASS" start="2025-11-24T14:13:27.813173" elapsed="0.239701" />
</kw>
<msg time="2025-11-24T14:13:28.054867" level="INFO">${product_present} = True</msg>
<var>${product_present}</var>
<arg>Element Should Be Visible</arg>
<arg>xpath=//div[text()="${product}"]</arg>
<doc>Runs the given keyword with given arguments and returns the status as a Boolean value.</doc>
<status status="PASS" start="2025-11-24T14:13:27.813173" elapsed="0.242698" />
</kw>
<if>
<branch type="IF" condition="${product_present}">
<kw name="Click Element" owner="SeleniumLibrary">
<msg time="2025-11-24T14:13:28.057871" level="INFO">Clicking element 'xpath=//div[text()="Sauce Labs Bolt T-Shirt"]'.</msg>
<arg>xpath=//div[text()="${product}"]</arg>
<doc>Click the element identified by ``locator``.</doc>
<status status="PASS" start="2025-11-24T14:13:28.056870" elapsed="0.261715" />
</kw>
<kw name="Click Element" owner="SeleniumLibrary">
<msg time="2025-11-24T14:13:28.320578" level="INFO">Clicking element 'id=add-to-cart'.</msg>
<arg>id=add-to-cart</arg>
<doc>Click the element identified by ``locator``.</doc>
<status status="PASS" start="2025-11-24T14:13:28.320578" elapsed="0.266208" />
</kw>
<kw name="Click Element" owner="SeleniumLibrary">
<msg time="2025-11-24T14:13:28.588754" level="INFO">Clicking element 'id=back-to-products'.</msg>
<arg>id=back-to-products</arg>
<doc>Click the element identified by ``locator``.</doc>
<status status="PASS" start="2025-11-24T14:13:28.587755" elapsed="0.272570" />
</kw>
<status status="PASS" start="2025-11-24T14:13:28.056870" elapsed="0.805456" />
</branch>
<status status="PASS" start="2025-11-24T14:13:28.056870" elapsed="0.807456" />
</if>
<var name="${product}">Sauce Labs Bolt T-Shirt</var>
<status status="PASS" start="2025-11-24T14:13:27.812175" elapsed="1.052151" />
</iter>
<var>${product}</var>
<value>@{products}</value>
<status status="PASS" start="2025-11-24T14:13:25.751531" elapsed="3.115305" />
</for>
<kw name="Log" owner="BuiltIn">
<msg time="2025-11-24T14:13:28.869847" level="INFO">Added all selected products to cart</msg>
<arg>Added all selected products to cart</arg>
<doc>Logs the given message with the given level.</doc>
<status status="PASS" start="2025-11-24T14:13:28.868850" elapsed="0.001995" />
</kw>
<arg>@{PRODUCTS}</arg>
<status status="PASS" start="2025-11-24T14:13:25.750528" elapsed="3.123315" />
</kw>
<kw name="Logout" owner="keywords">
<kw name="Click Button" owner="SeleniumLibrary">
<msg time="2025-11-24T14:13:28.875846" level="INFO">Clicking button 'xpath=//button[@id="react-burger-menu-btn"]'.</msg>
<arg>xpath=//button[@id="react-burger-menu-btn"]</arg>
<doc>Clicks the button identified by ``locator``.</doc>
<status status="PASS" start="2025-11-24T14:13:28.874843" elapsed="0.614298" />
</kw>
<kw name="Sleep" owner="BuiltIn">
<msg time="2025-11-24T14:13:30.490657" level="INFO">Slept 1 second.</msg>
<arg>1s</arg>
<doc>Pauses the test executed for the given time.</doc>
<status status="PASS" start="2025-11-24T14:13:29.490139" elapsed="1.001025" />
</kw>
<kw name="Click Element" owner="SeleniumLibrary">
<msg time="2025-11-24T14:13:30.493170" level="INFO">Clicking element 'xpath=//a[text()="Logout"]'.</msg>
<arg>xpath=//a[text()="Logout"]</arg>
<doc>Click the element identified by ``locator``.</doc>
<status status="PASS" start="2025-11-24T14:13:30.492171" elapsed="0.257500" />
</kw>
<status status="PASS" start="2025-11-24T14:13:28.873843" elapsed="1.877789" />
</kw>
<kw name="Close Browser" owner="keywords">
<kw name="Close All Browsers" owner="SeleniumLibrary">
<doc>Closes all open browsers and resets the browser cache.</doc>
<status status="PASS" start="2025-11-24T14:13:30.752632" elapsed="1.247318" />
</kw>
<status status="PASS" start="2025-11-24T14:13:30.751632" elapsed="1.249360" />
</kw>
<status status="PASS" start="2025-11-24T14:12:52.273800" elapsed="39.727192" />
</test>
<status status="PASS" start="2025-11-24T14:12:52.201363" elapsed="39.800627" />
</suite>
<status status="PASS" start="2025-11-24T14:12:52.201363" elapsed="39.800627" />
</suite><errors>
</errors>
</robot>