<robot generator="Robot 7.3.2 (Python 3.13.5 on win32)" generated="2025-11-24T13:54:47.019925" rpa="false" schemaversion="5">
<statistics>
<total>
<stat pass="1" fail="0" skip="0">All Tests</stat>
</total>
<tag>
</tag>
<suite>
<stat name="testCases" id="s1" pass="1" fail="0" skip="0">testCases</stat>
<stat name="BuyProducts" id="s1-s1" pass="1" fail="0" skip="0">testCases.BuyProducts</stat>
</suite>
</statistics>
<suite name="Suites" id="s0"><suite id="s1-s1" name="BuyProducts Windows, 11, Chrome, 115" source="C:\Users\Acer\PycharmProjects\Testing\Assignment_2\testCases\BuyProducts.robot">
<test id="s1-s1-t1" name="Buy Selected Products" line="6">
<kw name="Open Browser To SauceDemo" owner="keywords">
<kw name="Open Browser" owner="SeleniumLibrary">
<msg time="2025-11-24T13:54:47.092086" level="INFO">Opening browser 'Chrome' to base url 'https://www.saucedemo.com/'.</msg>
<msg time="2025-11-24T13:54:47.161946" level="WARN">The chromedriver version (141.0.7390.78) detected in PATH at C:\Users\Acer\PycharmProjects\Testing\chromedriver-win64\chromedriver.exe might not be compatible with the detected chrome version (142.0.7444.176); currently, chromedriver 142.0.7444.175 is recommended for chrome 142.*, so it is advised to delete the driver in PATH and retry</msg>
<msg time="2025-11-24T13:54:47.165425" level="INFO">Completed setup!</msg>
<arg>${BASE_URL}</arg>
<arg>${BROWSER}</arg>
<doc>Opens a new browser instance to the optional ``url``.</doc>
<status status="PASS" start="2025-11-24T13:54:47.091504" elapsed="6.503287" />
</kw>
<kw name="Maximize Browser Window" owner="SeleniumLibrary">
<doc>Maximizes current browser window.</doc>
<status status="PASS" start="2025-11-24T13:54:53.596147" elapsed="0.443938" />
</kw>
<status status="PASS" start="2025-11-24T13:54:47.090492" elapsed="6.950877" />
</kw>
<kw name="Login" owner="keywords">
<kw name="Input Text" owner="SeleniumLibrary">
<msg time="2025-11-24T13:54:54.043199" level="INFO">Typing text 'standard_user' into text field 'xpath=//input[@id="user-name"]'.</msg>
<arg>xpath=//input[@id="user-name"]</arg>
<arg>${USERNAME}</arg>
<doc>Types the given ``text`` into the text field identified by ``locator``.</doc>
<status status="PASS" start="2025-11-24T13:54:54.042525" elapsed="0.974795" />
</kw>
<kw name="Input Text" owner="SeleniumLibrary">
<msg time="2025-11-24T13:54:55.018980" level="INFO">Typing text 'secret_sauce' into text field 'xpath=//input[@id="password"]'.</msg>
<arg>xpath=//input[@id="password"]</arg>
<arg>${PASSWORD}</arg>
<doc>Types the given ``text`` into the text field identified by ``locator``.</doc>
<status status="PASS" start="2025-11-24T13:54:55.018444" elapsed="0.675497" />
</kw>
<kw name="Click Element" owner="SeleniumLibrary">
<msg time="2025-11-24T13:54:55.696057" level="INFO">Clicking element 'xpath=//input[@id="login-button"]'.</msg>
<arg>xpath=//input[@id="login-button"]</arg>
<doc>Click the element identified by ``locator``.</doc>
<status status="PASS" start="2025-11-24T13:54:55.695545" elapsed="0.576492" />
</kw>
<status status="PASS" start="2025-11-24T13:54:54.041929" elapsed="2.231666" />
</kw>
<kw name="Add Products To Cart" owner="keywords">
<for flavor="IN">
<iter>
<kw name="Run Keyword And Return Status" owner="BuiltIn">
<kw name="Element Should Be Visible" owner="SeleniumLibrary">
<msg time="2025-11-24T13:54:56.599916" level="INFO">Element 'xpath=//div[text()="Sauce Labs Backpack"]' is displayed.</msg>
<arg>xpath=//div[text()="${product}"]</arg>
<doc>Verifies that the element identified by ``locator`` is visible.</doc>
<status status="PASS" start="2025-11-24T13:54:56.276467" elapsed="0.324193" />
</kw>
<msg time="2025-11-24T13:54:56.601780" level="INFO">${product_present} = True</msg>
<var>${product_present}</var>
<arg>Element Should Be Visible</arg>
<arg>xpath=//div[text()="${product}"]</arg>
<doc>Runs the given keyword with given arguments and returns the status as a Boolean value.</doc>
<status status="PASS" start="2025-11-24T13:54:56.275907" elapsed="0.326546" />
</kw>
<if>
<branch type="IF" condition="${product_present}">
<kw name="Click Element" owner="SeleniumLibrary">
<msg time="2025-11-24T13:54:56.605172" level="INFO">Clicking element 'xpath=//div[text()="Sauce Labs Backpack"]'.</msg>
<arg>xpath=//div[text()="${product}"]</arg>
<doc>Click the element identified by ``locator``.</doc>
<status status="PASS" start="2025-11-24T13:54:56.604523" elapsed="0.436023" />
</kw>
<kw name="Click Element" owner="SeleniumLibrary">
<msg time="2025-11-24T13:54:57.042213" level="INFO">Clicking element 'id=add-to-cart'.</msg>
<arg>id=add-to-cart</arg>
<doc>Click the element identified by ``locator``.</doc>
<status status="PASS" start="2025-11-24T13:54:57.041704" elapsed="0.382994" />
</kw>
<kw name="Click Element" owner="SeleniumLibrary">
<msg time="2025-11-24T13:54:57.426475" level="INFO">Clicking element 'id=back-to-products'.</msg>
<arg>id=back-to-products</arg>
<doc>Click the element identified by ``locator``.</doc>
<status status="PASS" start="2025-11-24T13:54:57.425940" elapsed="0.481670" />
</kw>
<status status="PASS" start="2025-11-24T13:54:56.603946" elapsed="1.304796" />
</branch>
<status status="PASS" start="2025-11-24T13:54:56.603900" elapsed="1.305829" />
</if>
<var name="${product}">Sauce Labs Backpack</var>
<status status="PASS" start="2025-11-24T13:54:56.275456" elapsed="1.634308" />
</iter>
<iter>
<kw name="Run Keyword And Return Status" owner="BuiltIn">
<kw name="Element Should Be Visible" owner="SeleniumLibrary">
<msg time="2025-11-24T13:54:58.220358" level="INFO">Element 'xpath=//div[text()="Sauce Labs Bike Light"]' is displayed.</msg>
<arg>xpath=//div[text()="${product}"]</arg>
<doc>Verifies that the element identified by ``locator`` is visible.</doc>
<status status="PASS" start="2025-11-24T13:54:57.911710" elapsed="0.309381" />
</kw>
<msg time="2025-11-24T13:54:58.222201" level="INFO">${product_present} = True</msg>
<var>${product_present}</var>
<arg>Element Should Be Visible</arg>
<arg>xpath=//div[text()="${product}"]</arg>
<doc>Runs the given keyword with given arguments and returns the status as a Boolean value.</doc>
<status status="PASS" start="2025-11-24T13:54:57.911241" elapsed="0.311614" />
</kw>
<if>
<branch type="IF" condition="${product_present}">
<kw name="Click Element" owner="SeleniumLibrary">
<msg time="2025-11-24T13:54:58.224823" level="INFO">Clicking element 'xpath=//div[text()="Sauce Labs Bike Light"]'.</msg>
<arg>xpath=//div[text()="${product}"]</arg>
<doc>Click the element identified by ``locator``.</doc>
<status status="PASS" start="2025-11-24T13:54:58.224325" elapsed="0.358502" />
</kw>
<kw name="Click Element" owner="SeleniumLibrary">
<msg time="2025-11-24T13:54:58.584705" level="INFO">Clicking element 'id=add-to-cart'.</msg>
<arg>id=add-to-cart</arg>
<doc>Click the element identified by ``locator``.</doc>
<status status="PASS" start="2025-11-24T13:54:58.584003" elapsed="0.368953" />
</kw>
<kw name="Click Element" owner="SeleniumLibrary">
<msg time="2025-11-24T13:54:58.954888" level="INFO">Clicking element 'id=back-to-products'.</msg>
<arg>id=back-to-products</arg>
<doc>Click the element identified by ``locator``.</doc>
<status status="PASS" start="2025-11-24T13:54:58.954402" elapsed="0.324309" />
</kw>
<status status="PASS" start="2025-11-24T13:54:58.223905" elapsed="1.055940" />
</branch>
<status status="PASS" start="2025-11-24T13:54:58.223879" elapsed="1.056957" />
</if>
<var name="${product}">Sauce Labs Bike Light</var>
<status status="PASS" start="2025-11-24T13:54:57.910844" elapsed="1.370023" />
</iter>
<iter>
<kw name="Run Keyword And Return Status" owner="BuiltIn">
<kw name="Element Should Be Visible" owner="SeleniumLibrary">
<msg time="2025-11-24T13:54:59.539705" level="INFO">Element 'xpath=//div[text()="Sauce Labs Bolt T-Shirt"]' is displayed.</msg>
<arg>xpath=//div[text()="${product}"]</arg>
<doc>Verifies that the element identified by ``locator`` is visible.</doc>
<status status="PASS" start="2025-11-24T13:54:59.282938" elapsed="0.257529" />
</kw>
<msg time="2025-11-24T13:54:59.541587" level="INFO">${product_present} = True</msg>
<var>${product_present}</var>
<arg>Element Should Be Visible</arg>
<arg>xpath=//div[text()="${product}"]</arg>
<doc>Runs the given keyword with given arguments and returns the status as a Boolean value.</doc>
<status status="PASS" start="2025-11-24T13:54:59.282351" elapsed="0.259905" />
</kw>
<if>
<branch type="IF" condition="${product_present}">
<kw name="Click Element" owner="SeleniumLibrary">
<msg time="2025-11-24T13:54:59.544814" level="INFO">Clicking element 'xpath=//div[text()="Sauce Labs Bolt T-Shirt"]'.</msg>
<arg>xpath=//div[text()="${product}"]</arg>
<doc>Click the element identified by ``locator``.</doc>
<status status="PASS" start="2025-11-24T13:54:59.544217" elapsed="0.359808" />
</kw>
<kw name="Click Element" owner="SeleniumLibrary">
<msg time="2025-11-24T13:54:59.905725" level="INFO">Clicking element 'id=add-to-cart'.</msg>
<arg>id=add-to-cart</arg>
<doc>Click the element identified by ``locator``.</doc>
<status status="PASS" start="2025-11-24T13:54:59.905188" elapsed="0.366430" />
</kw>
<kw name="Click Element" owner="SeleniumLibrary">
<msg time="2025-11-24T13:55:00.273935" level="INFO">Clicking element 'id=back-to-products'.</msg>
<arg>id=back-to-products</arg>
<doc>Click the element identified by ``locator``.</doc>
<status status="PASS" start="2025-11-24T13:55:00.273153" elapsed="0.343162" />
</kw>
<status status="PASS" start="2025-11-24T13:54:59.543716" elapsed="1.073633" />
</branch>
<status status="PASS" start="2025-11-24T13:54:59.543689" elapsed="1.074612" />
</if>
<var name="${product}">Sauce Labs Bolt T-Shirt</var>
<status status="PASS" start="2025-11-24T13:54:59.281950" elapsed="1.336380" />
</iter>
<var>${product}</var>
<value>@{products}</value>
<status status="PASS" start="2025-11-24T13:54:56.274856" elapsed="4.344401" />
</for>
<kw name="Log" owner="BuiltIn">
<msg time="2025-11-24T13:55:00.620711" level="INFO">Added all selected products to cart</msg>
<arg>Added all selected products to cart</arg>
<doc>Logs the given message with the given level.</doc>
<status status="PASS" start="2025-11-24T13:55:00.620277" elapsed="0.001089" />
</kw>
<arg>@{PRODUCTS}</arg>
<status status="PASS" start="2025-11-24T13:54:56.274219" elapsed="4.348127" />
</kw>
<kw name="Check And Act" owner="keywords">
<kw name="Run Keyword And Return Status" owner="BuiltIn">
<kw name="Element Should Be Visible" owner="SeleniumLibrary">
<msg time="2025-11-24T13:55:00.977325" level="INFO">Element 'xpath=//span[@data-test="shopping-cart-badge"]' is displayed.</msg>
<arg>xpath=//span[@data-test="shopping-cart-badge"]</arg>
<doc>Verifies that the element identified by ``locator`` is visible.</doc>
<status status="PASS" start="2025-11-24T13:55:00.623947" elapsed="0.354089" />
</kw>
<msg time="2025-11-24T13:55:00.979094" level="INFO">${cart_badge_present} = True</msg>
<var>${cart_badge_present}</var>
<arg>Element Should Be Visible</arg>
<arg>xpath=//span[@data-test="shopping-cart-badge"]</arg>
<doc>Runs the given keyword with given arguments and returns the status as a Boolean value.</doc>
<status status="PASS" start="2025-11-24T13:55:00.623509" elapsed="0.356227" />
</kw>
<kw name="Set Variable" owner="BuiltIn">
<msg time="2025-11-24T13:55:00.981233" level="INFO">${ITEM_COUNT} = 0</msg>
<var>${ITEM_COUNT}</var>
<arg>0</arg>
<doc>Returns the given values which can then be assigned to a variables.</doc>
<status status="PASS" start="2025-11-24T13:55:00.980779" elapsed="0.001084" />
</kw>
<if>
<branch type="IF" condition="${cart_badge_present}">
<kw name="Get Text" owner="SeleniumLibrary">
<msg time="2025-11-24T13:55:01.261227" level="INFO">${ITEM_COUNT} = 3</msg>
<var>${ITEM_COUNT}</var>
<arg>xpath=//span[@data-test="shopping-cart-badge"]</arg>
<doc>Returns the text value of the element identified by ``locator``.</doc>
<status status="PASS" start="2025-11-24T13:55:00.983262" elapsed="0.278693" />
</kw>
<status status="PASS" start="2025-11-24T13:55:00.982874" elapsed="0.280139" />
</branch>
<status status="PASS" start="2025-11-24T13:55:00.982852" elapsed="0.281138" />
</if>
<kw name="Convert To Integer" owner="BuiltIn">
<msg time="2025-11-24T13:55:01.264643" level="INFO">${ITEM_COUNT} = 3</msg>
<var>${ITEM_COUNT}</var>
<arg>${ITEM_COUNT}</arg>
<doc>Converts the given item to an integer number.</doc>
<status status="PASS" start="2025-11-24T13:55:01.264097" elapsed="0.001619" />
</kw>
<kw name="Get Length" owner="BuiltIn">
<msg time="2025-11-24T13:55:01.267581" level="INFO">Length is 3.</msg>
<msg time="2025-11-24T13:55:01.268303" level="INFO">${PLANNED_COUNT} = 3</msg>
<var>${PLANNED_COUNT}</var>
<arg>${products}</arg>
<doc>Returns and logs the length of the given item as an integer.</doc>
<status status="PASS" start="2025-11-24T13:55:01.267082" elapsed="0.001887" />
</kw>
<if>
<branch type="IF" condition="${ITEM_COUNT} == ${PLANNED_COUNT}">
<kw name="Buy Products" owner="keywords">
<kw name="Click Element" owner="SeleniumLibrary">
<msg time="2025-11-24T13:55:01.272249" level="INFO">Clicking element 'id=shopping_cart_container'.</msg>
<arg>id=shopping_cart_container</arg>
<doc>Click the element identified by ``locator``.</doc>
<status status="PASS" start="2025-11-24T13:55:01.271636" elapsed="0.416999" />
</kw>
<kw name="Click Element" owner="SeleniumLibrary">
<msg time="2025-11-24T13:55:01.690292" level="INFO">Clicking element 'id=checkout'.</msg>
<arg>id=checkout</arg>
<doc>Click the element identified by ``locator``.</doc>
<status status="PASS" start="2025-11-24T13:55:01.689799" elapsed="0.420103" />
</kw>
<kw name="Input Text" owner="SeleniumLibrary">
<msg time="2025-11-24T13:55:02.111585" level="INFO">Typing text 'Madiyar' into text field 'id=first-name'.</msg>
<arg>id=first-name</arg>
<arg>${FIRST_NAME}</arg>
<doc>Types the given ``text`` into the text field identified by ``locator``.</doc>
<status status="PASS" start="2025-11-24T13:55:02.111061" elapsed="0.667026" />
</kw>
<kw name="Input Text" owner="SeleniumLibrary">
<msg time="2025-11-24T13:55:02.779777" level="INFO">Typing text 'Kuralov' into text field 'id=last-name'.</msg>
<arg>id=last-name</arg>
<arg>${LAST_NAME}</arg>
<doc>Types the given ``text`` into the text field identified by ``locator``.</doc>
<status status="PASS" start="2025-11-24T13:55:02.779249" elapsed="0.576215" />
</kw>
<kw name="Input Text" owner="SeleniumLibrary">
<msg time="2025-11-24T13:55:03.357181" level="INFO">Typing text '1234' into text field 'id=postal-code'.</msg>
<arg>id=postal-code</arg>
<arg>${CODE}</arg>
<doc>Types the given ``text`` into the text field identified by ``locator``.</doc>
<status status="PASS" start="2025-11-24T13:55:03.356639" elapsed="0.590062" />
</kw>
<kw name="Click Element" owner="SeleniumLibrary">
<msg time="2025-11-24T13:55:03.948328" level="INFO">Clicking element 'id=continue'.</msg>
<arg>id=continue</arg>
<doc>Click the element identified by ``locator``.</doc>
<status status="PASS" start="2025-11-24T13:55:03.947842" elapsed="0.380927" />
</kw>
<kw name="Click Element" owner="SeleniumLibrary">
<msg time="2025-11-24T13:55:04.331142" level="INFO">Clicking element 'id=finish'.</msg>
<arg>id=finish</arg>
<doc>Click the element identified by ``locator``.</doc>
<status status="PASS" start="2025-11-24T13:55:04.330580" elapsed="0.380350" />
</kw>
<kw name="Click Element" owner="SeleniumLibrary">
<msg time="2025-11-24T13:55:04.712574" level="INFO">Clicking element 'id=back-to-products'.</msg>
<arg>id=back-to-products</arg>
<doc>Click the element identified by ``locator``.</doc>
<status status="PASS" start="2025-11-24T13:55:04.712079" elapsed="0.393449" />
</kw>
<status status="PASS" start="2025-11-24T13:55:01.270932" elapsed="3.835725" />
</kw>
<status status="PASS" start="2025-11-24T13:55:01.270078" elapsed="3.837554" />
</branch>
<branch type="ELSE">
<kw name="Clear Cart" owner="keywords">
<status status="NOT RUN" start="2025-11-24T13:55:05.109251" elapsed="0.000322" />
</kw>
<status status="NOT RUN" start="2025-11-24T13:55:05.108595" elapsed="0.001916" />
</branch>
<status status="PASS" start="2025-11-24T13:55:01.270054" elapsed="3.841408" />
</if>
<arg>@{PRODUCTS}</arg>
<status status="PASS" start="2025-11-24T13:55:00.622904" elapsed="4.488611" />
</kw>
<kw name="Sleep" owner="BuiltIn">
<msg time="2025-11-24T13:55:06.112974" level="INFO">Slept 1 second.</msg>
<arg>1s</arg>
<doc>Pauses the test executed for the given time.</doc>
<status status="PASS" start="2025-11-24T13:55:05.112000" elapsed="1.001793" />
</kw>
<kw name="Close Browser" owner="keywords">
<kw name="Close All Browsers" owner="SeleniumLibrary">
<doc>Closes all open browsers and resets the browser cache.</doc>
<status status="PASS" start="2025-11-24T13:55:06.115162" elapsed="1.100187" />
</kw>
<status status="PASS" start="2025-11-24T13:55:06.114514" elapsed="1.101918" />
</kw>
<status status="PASS" start="2025-11-24T13:54:47.088470" elapsed="20.128483" />
</test>
<status status="PASS" start="2025-11-24T13:54:47.045840" elapsed="20.172063" />
</suite>
<status status="PASS" start="2025-11-24T13:54:47.045840" elapsed="20.172063" />
</suite><errors>
<msg time="2025-11-24T13:54:47.161946" level="WARN">The chromedriver version (141.0.7390.78) detected in PATH at C:\Users\Acer\PycharmProjects\Testing\chromedriver-win64\chromedriver.exe might not be compatible with the detected chrome version (142.0.7444.176); currently, chromedriver 142.0.7444.175 is recommended for chrome 142.*, so it is advised to delete the driver in PATH and retry</msg>
</errors>
</robot>