<robot generator="Robot 7.3.2 (Python 3.12.0 on win32)" generated="2025-11-24T14:13:38.247973" rpa="false" schemaversion="5">
<statistics>
<total>
<stat pass="1" fail="0" skip="0">All Tests</stat>
</total>
<tag>
</tag>
<suite>
<stat name="testCases" id="s1" pass="1" fail="0" skip="0">testCases</stat>
<stat name="BuyProducts" id="s1-s1" pass="1" fail="0" skip="0">testCases.BuyProducts</stat>
</suite>
</statistics>
<suite name="Suites" id="s0"><suite id="s1-s1" name="BuyProducts Windows, 11, Firefox, latest" source="C:\Users\Acer\PycharmProjects\Testing\Assignment_2\testCases\BuyProducts.robot">
<test id="s1-s1-t1" name="Buy Selected Products" line="6">
<kw name="Open Browser To SauceDemo" owner="keywords">
<kw name="Open Browser" owner="SeleniumLibrary">
<msg time="2025-11-24T14:13:38.324914" level="INFO">Opening browser 'Chrome' to base url 'https://www.saucedemo.com/'.</msg>
<msg time="2025-11-24T14:13:38.372217" level="INFO">Completed setup!</msg>
<arg>${BASE_URL}</arg>
<arg>${BROWSER}</arg>
<doc>Opens a new browser instance to the optional ``url``.</doc>
<status status="PASS" start="2025-11-24T14:13:38.323910" elapsed="19.690632" />
</kw>
<kw name="Maximize Browser Window" owner="SeleniumLibrary">
<doc>Maximizes current browser window.</doc>
<status status="PASS" start="2025-11-24T14:13:58.015543" elapsed="0.642692" />
</kw>
<status status="PASS" start="2025-11-24T14:13:38.322947" elapsed="20.336288" />
</kw>
<kw name="Login" owner="keywords">
<kw name="Input Text" owner="SeleniumLibrary">
<msg time="2025-11-24T14:13:58.661235" level="INFO">Typing text 'standard_user' into text field 'xpath=//input[@id="user-name"]'.</msg>
<arg>xpath=//input[@id="user-name"]</arg>
<arg>${USERNAME}</arg>
<doc>Types the given ``text`` into the text field identified by ``locator``.</doc>
<status status="PASS" start="2025-11-24T14:13:58.660235" elapsed="0.640142" />
</kw>
<kw name="Input Text" owner="SeleniumLibrary">
<msg time="2025-11-24T14:13:59.302418" level="INFO">Typing text 'secret_sauce' into text field 'xpath=//input[@id="password"]'.</msg>
<arg>xpath=//input[@id="password"]</arg>
<arg>${PASSWORD}</arg>
<doc>Types the given ``text`` into the text field identified by ``locator``.</doc>
<status status="PASS" start="2025-11-24T14:13:59.301423" elapsed="0.446461" />
</kw>
<kw name="Click Element" owner="SeleniumLibrary">
<msg time="2025-11-24T14:13:59.749748" level="INFO">Clicking element 'xpath=//input[@id="login-button"]'.</msg>
<arg>xpath=//input[@id="login-button"]</arg>
<doc>Click the element identified by ``locator``.</doc>
<status status="PASS" start="2025-11-24T14:13:59.749748" elapsed="0.649360" />
</kw>
<status status="PASS" start="2025-11-24T14:13:58.659235" elapsed="1.740731" />
</kw>
<kw name="Add Products To Cart" owner="keywords">
<for flavor="IN">
<iter>
<kw name="Run Keyword And Return Status" owner="BuiltIn">
<kw name="Element Should Be Visible" owner="SeleniumLibrary">
<msg time="2025-11-24T14:14:00.746425" level="INFO">Element 'xpath=//div[text()="Sauce Labs Backpack"]' is displayed.</msg>
<arg>xpath=//div[text()="${product}"]</arg>
<doc>Verifies that the element identified by ``locator`` is visible.</doc>
<status status="PASS" start="2025-11-24T14:14:00.402961" elapsed="0.344474" />
</kw>
<msg time="2025-11-24T14:14:00.748431" level="INFO">${product_present} = True</msg>
<var>${product_present}</var>
<arg>Element Should Be Visible</arg>
<arg>xpath=//div[text()="${product}"]</arg>
<doc>Runs the given keyword with given arguments and returns the status as a Boolean value.</doc>
<status status="PASS" start="2025-11-24T14:14:00.401961" elapsed="0.346470" />
</kw>
<if>
<branch type="IF" condition="${product_present}">
<kw name="Click Element" owner="SeleniumLibrary">
<msg time="2025-11-24T14:14:00.750431" level="INFO">Clicking element 'xpath=//div[text()="Sauce Labs Backpack"]'.</msg>
<arg>xpath=//div[text()="${product}"]</arg>
<doc>Click the element identified by ``locator``.</doc>
<status status="PASS" start="2025-11-24T14:14:00.750431" elapsed="0.459608" />
</kw>
<kw name="Click Element" owner="SeleniumLibrary">
<msg time="2025-11-24T14:14:01.213041" level="INFO">Clicking element 'id=add-to-cart'.</msg>
<arg>id=add-to-cart</arg>
<doc>Click the element identified by ``locator``.</doc>
<status status="PASS" start="2025-11-24T14:14:01.212041" elapsed="0.383576" />
</kw>
<kw name="Click Element" owner="SeleniumLibrary">
<msg time="2025-11-24T14:14:01.597661" level="INFO">Clicking element 'id=back-to-products'.</msg>
<arg>id=back-to-products</arg>
<doc>Click the element identified by ``locator``.</doc>
<status status="PASS" start="2025-11-24T14:14:01.596665" elapsed="0.358519" />
</kw>
<status status="PASS" start="2025-11-24T14:14:00.749431" elapsed="1.206753" />
</branch>
<status status="PASS" start="2025-11-24T14:14:00.749431" elapsed="1.207753" />
</if>
<var name="${product}">Sauce Labs Backpack</var>
<status status="PASS" start="2025-11-24T14:14:00.401961" elapsed="1.555223" />
</iter>
<iter>
<kw name="Run Keyword And Return Status" owner="BuiltIn">
<kw name="Element Should Be Visible" owner="SeleniumLibrary">
<msg time="2025-11-24T14:14:02.224865" level="INFO">Element 'xpath=//div[text()="Sauce Labs Bike Light"]' is displayed.</msg>
<arg>xpath=//div[text()="${product}"]</arg>
<doc>Verifies that the element identified by ``locator`` is visible.</doc>
<status status="PASS" start="2025-11-24T14:14:01.959185" elapsed="0.266680" />
</kw>
<msg time="2025-11-24T14:14:02.227873" level="INFO">${product_present} = True</msg>
<var>${product_present}</var>
<arg>Element Should Be Visible</arg>
<arg>xpath=//div[text()="${product}"]</arg>
<doc>Runs the given keyword with given arguments and returns the status as a Boolean value.</doc>
<status status="PASS" start="2025-11-24T14:14:01.959185" elapsed="0.269686" />
</kw>
<if>
<branch type="IF" condition="${product_present}">
<kw name="Click Element" owner="SeleniumLibrary">
<msg time="2025-11-24T14:14:02.232870" level="INFO">Clicking element 'xpath=//div[text()="Sauce Labs Bike Light"]'.</msg>
<arg>xpath=//div[text()="${product}"]</arg>
<doc>Click the element identified by ``locator``.</doc>
<status status="PASS" start="2025-11-24T14:14:02.231871" elapsed="0.405456" />
</kw>
<kw name="Click Element" owner="SeleniumLibrary">
<msg time="2025-11-24T14:14:02.639290" level="INFO">Clicking element 'id=add-to-cart'.</msg>
<arg>id=add-to-cart</arg>
<doc>Click the element identified by ``locator``.</doc>
<status status="PASS" start="2025-11-24T14:14:02.639290" elapsed="0.322739" />
</kw>
<kw name="Click Element" owner="SeleniumLibrary">
<msg time="2025-11-24T14:14:02.963026" level="INFO">Clicking element 'id=back-to-products'.</msg>
<arg>id=back-to-products</arg>
<doc>Click the element identified by ``locator``.</doc>
<status status="PASS" start="2025-11-24T14:14:02.963026" elapsed="0.336728" />
</kw>
<status status="PASS" start="2025-11-24T14:14:02.230870" elapsed="1.070871" />
</branch>
<status status="PASS" start="2025-11-24T14:14:02.230870" elapsed="1.071869" />
</if>
<var name="${product}">Sauce Labs Bike Light</var>
<status status="PASS" start="2025-11-24T14:14:01.958184" elapsed="1.344555" />
</iter>
<iter>
<kw name="Run Keyword And Return Status" owner="BuiltIn">
<kw name="Element Should Be Visible" owner="SeleniumLibrary">
<msg time="2025-11-24T14:14:03.577208" level="INFO">Element 'xpath=//div[text()="Sauce Labs Bolt T-Shirt"]' is displayed.</msg>
<arg>xpath=//div[text()="${product}"]</arg>
<doc>Verifies that the element identified by ``locator`` is visible.</doc>
<status status="PASS" start="2025-11-24T14:14:03.304717" elapsed="0.273447" />
</kw>
<msg time="2025-11-24T14:14:03.579165" level="INFO">${product_present} = True</msg>
<var>${product_present}</var>
<arg>Element Should Be Visible</arg>
<arg>xpath=//div[text()="${product}"]</arg>
<doc>Runs the given keyword with given arguments and returns the status as a Boolean value.</doc>
<status status="PASS" start="2025-11-24T14:14:03.304717" elapsed="0.275447" />
</kw>
<if>
<branch type="IF" condition="${product_present}">
<kw name="Click Element" owner="SeleniumLibrary">
<msg time="2025-11-24T14:14:03.582163" level="INFO">Clicking element 'xpath=//div[text()="Sauce Labs Bolt T-Shirt"]'.</msg>
<arg>xpath=//div[text()="${product}"]</arg>
<doc>Click the element identified by ``locator``.</doc>
<status status="PASS" start="2025-11-24T14:14:03.581164" elapsed="0.350432" />
</kw>
<kw name="Click Element" owner="SeleniumLibrary">
<msg time="2025-11-24T14:14:03.933614" level="INFO">Clicking element 'id=add-to-cart'.</msg>
<arg>id=add-to-cart</arg>
<doc>Click the element identified by ``locator``.</doc>
<status status="PASS" start="2025-11-24T14:14:03.933614" elapsed="0.346454" />
</kw>
<kw name="Click Element" owner="SeleniumLibrary">
<msg time="2025-11-24T14:14:04.282046" level="INFO">Clicking element 'id=back-to-products'.</msg>
<arg>id=back-to-products</arg>
<doc>Click the element identified by ``locator``.</doc>
<status status="PASS" start="2025-11-24T14:14:04.281047" elapsed="0.332007" />
</kw>
<status status="PASS" start="2025-11-24T14:14:03.581164" elapsed="1.033936" />
</branch>
<status status="PASS" start="2025-11-24T14:14:03.581164" elapsed="1.033936" />
</if>
<var name="${product}">Sauce Labs Bolt T-Shirt</var>
<status status="PASS" start="2025-11-24T14:14:03.303719" elapsed="1.312380" />
</iter>
<var>${product}</var>
<value>@{products}</value>
<status status="PASS" start="2025-11-24T14:14:00.401961" elapsed="4.215103" />
</for>
<kw name="Log" owner="BuiltIn">
<msg time="2025-11-24T14:14:04.619067" level="INFO">Added all selected products to cart</msg>
<arg>Added all selected products to cart</arg>
<doc>Logs the given message with the given level.</doc>
<status status="PASS" start="2025-11-24T14:14:04.619067" elapsed="0.001033" />
</kw>
<arg>@{PRODUCTS}</arg>
<status status="PASS" start="2025-11-24T14:14:00.400962" elapsed="4.220136" />
</kw>
<kw name="Check And Act" owner="keywords">
<kw name="Run Keyword And Return Status" owner="BuiltIn">
<kw name="Element Should Be Visible" owner="SeleniumLibrary">
<msg time="2025-11-24T14:14:04.912563" level="INFO">Element 'xpath=//span[@data-test="shopping-cart-badge"]' is displayed.</msg>
<arg>xpath=//span[@data-test="shopping-cart-badge"]</arg>
<doc>Verifies that the element identified by ``locator`` is visible.</doc>
<status status="PASS" start="2025-11-24T14:14:04.622101" elapsed="0.291472" />
</kw>
<msg time="2025-11-24T14:14:04.914569" level="INFO">${cart_badge_present} = True</msg>
<var>${cart_badge_present}</var>
<arg>Element Should Be Visible</arg>
<arg>xpath=//span[@data-test="shopping-cart-badge"]</arg>
<doc>Runs the given keyword with given arguments and returns the status as a Boolean value.</doc>
<status status="PASS" start="2025-11-24T14:14:04.622101" elapsed="0.292973" />
</kw>
<kw name="Set Variable" owner="BuiltIn">
<msg time="2025-11-24T14:14:04.918084" level="INFO">${ITEM_COUNT} = 0</msg>
<var>${ITEM_COUNT}</var>
<arg>0</arg>
<doc>Returns the given values which can then be assigned to a variables.</doc>
<status status="PASS" start="2025-11-24T14:14:04.917092" elapsed="0.000992" />
</kw>
<if>
<branch type="IF" condition="${cart_badge_present}">
<kw name="Get Text" owner="SeleniumLibrary">
<msg time="2025-11-24T14:14:05.421743" level="INFO">${ITEM_COUNT} = 3</msg>
<var>${ITEM_COUNT}</var>
<arg>xpath=//span[@data-test="shopping-cart-badge"]</arg>
<doc>Returns the text value of the element identified by ``locator``.</doc>
<status status="PASS" start="2025-11-24T14:14:04.920080" elapsed="0.502664" />
</kw>
<status status="PASS" start="2025-11-24T14:14:04.920080" elapsed="0.504212" />
</branch>
<status status="PASS" start="2025-11-24T14:14:04.920080" elapsed="0.506256" />
</if>
<kw name="Convert To Integer" owner="BuiltIn">
<msg time="2025-11-24T14:14:05.426336" level="INFO">${ITEM_COUNT} = 3</msg>
<var>${ITEM_COUNT}</var>
<arg>${ITEM_COUNT}</arg>
<doc>Converts the given item to an integer number.</doc>
<status status="PASS" start="2025-11-24T14:14:05.426336" elapsed="0.001003" />
</kw>
<kw name="Get Length" owner="BuiltIn">
<msg time="2025-11-24T14:14:05.429334" level="INFO">Length is 3.</msg>
<msg time="2025-11-24T14:14:05.429334" level="INFO">${PLANNED_COUNT} = 3</msg>
<var>${PLANNED_COUNT}</var>
<arg>${products}</arg>
<doc>Returns and logs the length of the given item as an integer.</doc>
<status status="PASS" start="2025-11-24T14:14:05.428335" elapsed="0.002001" />
</kw>
<if>
<branch type="IF" condition="${ITEM_COUNT} == ${PLANNED_COUNT}">
<kw name="Buy Products" owner="keywords">
<kw name="Click Element" owner="SeleniumLibrary">
<msg time="2025-11-24T14:14:05.434299" level="INFO">Clicking element 'id=shopping_cart_container'.</msg>
<arg>id=shopping_cart_container</arg>
<doc>Click the element identified by ``locator``.</doc>
<status status="PASS" start="2025-11-24T14:14:05.433305" elapsed="0.383123" />
</kw>
<kw name="Click Element" owner="SeleniumLibrary">
<msg time="2025-11-24T14:14:05.818379" level="INFO">Clicking element 'id=checkout'.</msg>
<arg>id=checkout</arg>
<doc>Click the element identified by ``locator``.</doc>
<status status="PASS" start="2025-11-24T14:14:05.818379" elapsed="0.382187" />
</kw>
<kw name="Input Text" owner="SeleniumLibrary">
<msg time="2025-11-24T14:14:06.202598" level="INFO">Typing text 'Madiyar' into text field 'id=first-name'.</msg>
<arg>id=first-name</arg>
<arg>${FIRST_NAME}</arg>
<doc>Types the given ``text`` into the text field identified by ``locator``.</doc>
<status status="PASS" start="2025-11-24T14:14:06.201610" elapsed="0.506005" />
</kw>
<kw name="Input Text" owner="SeleniumLibrary">
<msg time="2025-11-24T14:14:06.709614" level="INFO">Typing text 'Kuralov' into text field 'id=last-name'.</msg>
<arg>id=last-name</arg>
<arg>${LAST_NAME}</arg>
<doc>Types the given ``text`` into the text field identified by ``locator``.</doc>
<status status="PASS" start="2025-11-24T14:14:06.708616" elapsed="0.405424" />
</kw>
<kw name="Input Text" owner="SeleniumLibrary">
<msg time="2025-11-24T14:14:07.117050" level="INFO">Typing text '1234' into text field 'id=postal-code'.</msg>
<arg>id=postal-code</arg>
<arg>${CODE}</arg>
<doc>Types the given ``text`` into the text field identified by ``locator``.</doc>
<status status="PASS" start="2025-11-24T14:14:07.116024" elapsed="0.395983" />
</kw>
<kw name="Click Element" owner="SeleniumLibrary">
<msg time="2025-11-24T14:14:07.514941" level="INFO">Clicking element 'id=continue'.</msg>
<arg>id=continue</arg>
<doc>Click the element identified by ``locator``.</doc>
<status status="PASS" start="2025-11-24T14:14:07.512972" elapsed="0.398437" />
</kw>
<kw name="Click Element" owner="SeleniumLibrary">
<msg time="2025-11-24T14:14:07.915417" level="INFO">Clicking element 'id=finish'.</msg>
<arg>id=finish</arg>
<doc>Click the element identified by ``locator``.</doc>
<status status="PASS" start="2025-11-24T14:14:07.913409" elapsed="0.350521" />
</kw>
<kw name="Click Element" owner="SeleniumLibrary">
<msg time="2025-11-24T14:14:08.266426" level="INFO">Clicking element 'id=back-to-products'.</msg>
<arg>id=back-to-products</arg>
<doc>Click the element identified by ``locator``.</doc>
<status status="PASS" start="2025-11-24T14:14:08.266426" elapsed="0.338044" />
</kw>
<status status="PASS" start="2025-11-24T14:14:05.432300" elapsed="3.173025" />
</kw>
<status status="PASS" start="2025-11-24T14:14:05.431333" elapsed="3.174985" />
</branch>
<branch type="ELSE">
<kw name="Clear Cart" owner="keywords">
<status status="NOT RUN" start="2025-11-24T14:14:08.608319" elapsed="0.000000" />
</kw>
<status status="NOT RUN" start="2025-11-24T14:14:08.607322" elapsed="0.001988" />
</branch>
<status status="PASS" start="2025-11-24T14:14:05.431333" elapsed="3.178985" />
</if>
<arg>@{PRODUCTS}</arg>
<status status="PASS" start="2025-11-24T14:14:04.621098" elapsed="3.989220" />
</kw>
<kw name="Sleep" owner="BuiltIn">
<msg time="2025-11-24T14:14:09.611540" level="INFO">Slept 1 second.</msg>
<arg>1s</arg>
<doc>Pauses the test executed for the given time.</doc>
<status status="PASS" start="2025-11-24T14:14:08.610318" elapsed="1.002258" />
</kw>
<kw name="Close Browser" owner="keywords">
<kw name="Close All Browsers" owner="SeleniumLibrary">
<doc>Closes all open browsers and resets the browser cache.</doc>
<status status="PASS" start="2025-11-24T14:14:09.614550" elapsed="1.024753" />
</kw>
<status status="PASS" start="2025-11-24T14:14:09.613553" elapsed="1.026751" />
</kw>
<status status="PASS" start="2025-11-24T14:13:38.320906" elapsed="32.320398" />
</test>
<status status="PASS" start="2025-11-24T14:13:38.276275" elapsed="32.366034" />
</suite>
<status status="PASS" start="2025-11-24T14:13:38.276275" elapsed="32.366034" />
</suite><errors>
</errors>
</robot>