<robot generator="Robot 7.3.2 (Python 3.12.0 on win32)" generated="2025-11-24T14:14:41.208684" rpa="false" schemaversion="5">
<statistics>
<total>
<stat pass="1" fail="0" skip="0">All Tests</stat>
</total>
<tag>
</tag>
<suite>
<stat name="testCases" id="s1" pass="1" fail="0" skip="0">testCases</stat>
<stat name="Login Logout" id="s1-s1" pass="1" fail="0" skip="0">testCases.Login Logout</stat>
</suite>
</statistics>
<suite name="Suites" id="s0"><suite id="s1-s1" name="Login Logout Windows, 11, Firefox, latest" source="C:\Users\Acer\PycharmProjects\Testing\Assignment_2\testCases\login_logout.robot">
<test id="s1-s1-t1" name="Login and Logout on SauceDemo" line="5">
<kw name="Open Browser To SauceDemo" owner="keywords">
<kw name="Open Browser" owner="SeleniumLibrary">
<msg time="2025-11-24T14:14:41.289944" level="INFO">Opening browser 'Chrome' to base url 'https://www.saucedemo.com/'.</msg>
<msg time="2025-11-24T14:14:41.338890" level="INFO">Completed setup!</msg>
<arg>${BASE_URL}</arg>
<arg>${BROWSER}</arg>
<doc>Opens a new browser instance to the optional ``url``.</doc>
<status status="PASS" start="2025-11-24T14:14:41.288944" elapsed="33.546628" />
</kw>
<kw name="Maximize Browser Window" owner="SeleniumLibrary">
<doc>Maximizes current browser window.</doc>
<status status="PASS" start="2025-11-24T14:15:14.837566" elapsed="0.537772" />
</kw>
<status status="PASS" start="2025-11-24T14:14:41.287908" elapsed="34.088479" />
</kw>
<kw name="Login" owner="keywords">
<kw name="Input Text" owner="SeleniumLibrary">
<msg time="2025-11-24T14:15:15.378381" level="INFO">Typing text 'standard_user' into text field 'xpath=//input[@id="user-name"]'.</msg>
<arg>xpath=//input[@id="user-name"]</arg>
<arg>${USERNAME}</arg>
<doc>Types the given ``text`` into the text field identified by ``locator``.</doc>
<status status="PASS" start="2025-11-24T14:15:15.378381" elapsed="0.518054" />
</kw>
<kw name="Input Text" owner="SeleniumLibrary">
<msg time="2025-11-24T14:15:15.898441" level="INFO">Typing text 'secret_sauce' into text field 'xpath=//input[@id="password"]'.</msg>
<arg>xpath=//input[@id="password"]</arg>
<arg>${PASSWORD}</arg>
<doc>Types the given ``text`` into the text field identified by ``locator``.</doc>
<status status="PASS" start="2025-11-24T14:15:15.897446" elapsed="0.460192" />
</kw>
<kw name="Click Element" owner="SeleniumLibrary">
<msg time="2025-11-24T14:15:16.359659" level="INFO">Clicking element 'xpath=//input[@id="login-button"]'.</msg>
<arg>xpath=//input[@id="login-button"]</arg>
<doc>Click the element identified by ``locator``.</doc>
<status status="PASS" start="2025-11-24T14:15:16.358663" elapsed="0.542225" />
</kw>
<status status="PASS" start="2025-11-24T14:15:15.377379" elapsed="1.524521" />
</kw>
<kw name="Logout" owner="keywords">
<kw name="Click Button" owner="SeleniumLibrary">
<msg time="2025-11-24T14:15:16.903893" level="INFO">Clicking button 'xpath=//button[@id="react-burger-menu-btn"]'.</msg>
<arg>xpath=//button[@id="react-burger-menu-btn"]</arg>
<doc>Clicks the button identified by ``locator``.</doc>
<status status="PASS" start="2025-11-24T14:15:16.902884" elapsed="0.820261" />
</kw>
<kw name="Sleep" owner="BuiltIn">
<msg time="2025-11-24T14:15:18.725497" level="INFO">Slept 1 second.</msg>
<arg>1s</arg>
<doc>Pauses the test executed for the given time.</doc>
<status status="PASS" start="2025-11-24T14:15:17.724156" elapsed="1.001890" />
</kw>
<kw name="Click Element" owner="SeleniumLibrary">
<msg time="2025-11-24T14:15:18.727081" level="INFO">Clicking element 'xpath=//a[text()="Logout"]'.</msg>
<arg>xpath=//a[text()="Logout"]</arg>
<doc>Click the element identified by ``locator``.</doc>
<status status="PASS" start="2025-11-24T14:15:18.727081" elapsed="0.378794" />
</kw>
<status status="PASS" start="2025-11-24T14:15:16.902884" elapsed="2.204002" />
</kw>
<kw name="Close Browser" owner="keywords">
<kw name="Close All Browsers" owner="SeleniumLibrary">
<doc>Closes all open browsers and resets the browser cache.</doc>
<status status="PASS" start="2025-11-24T14:15:19.107880" elapsed="1.262907" />
</kw>
<status status="PASS" start="2025-11-24T14:15:19.107880" elapsed="1.263901" />
</kw>
<status status="PASS" start="2025-11-24T14:14:41.285901" elapsed="39.086878" />
</test>
<status status="PASS" start="2025-11-24T14:14:41.237680" elapsed="39.136100" />
</suite>
<status status="PASS" start="2025-11-24T14:14:41.237680" elapsed="39.136100" />
</suite><errors>
</errors>
</robot>